TN:
SF:contracts/adapters/aave/AaveV3Adapter.sol
DA:26,0
FN:26,AaveV3Adapter.onlyRouter
FNDA:0,AaveV3Adapter.onlyRouter
DA:27,0
BRDA:27,0,0,-
DA:31,16
FN:31,AaveV3Adapter.constructor
FNDA:16,AaveV3Adapter.constructor
DA:32,16
BRDA:32,1,0,-
DA:33,0
DA:36,16
DA:37,16
DA:40,0
FN:40,AaveV3Adapter.execute
FNDA:0,AaveV3Adapter.execute
DA:41,0
BRDA:41,2,0,-
DA:42,0
BRDA:42,3,0,-
DA:44,0
BRDA:44,4,0,-
DA:45,0
DA:48,0
DA:50,0
BRDA:50,5,0,-
BRDA:50,5,1,-
DA:51,0
DA:53,0
DA:56,0
DA:59,0
FN:59,AaveV3Adapter.totalAssets
FNDA:0,AaveV3Adapter.totalAssets
DA:60,0
DA:63,0
FN:63,AaveV3Adapter.poolAddress
FNDA:0,AaveV3Adapter.poolAddress
DA:64,0
DA:67,0
FN:67,AaveV3Adapter._deposit
FNDA:0,AaveV3Adapter._deposit
DA:68,0
DA:70,0
DA:74,0
FN:74,AaveV3Adapter._withdraw
FNDA:0,AaveV3Adapter._withdraw
DA:75,0
FNF:7
FNH:1
LF:26
LH:4
BRF:7
BRH:0
end_of_record
TN:
SF:contracts/adapters/compound/CompoundV3Adapter.sol
DA:25,0
FN:25,CompoundV3Adapter.onlyRouter
FNDA:0,CompoundV3Adapter.onlyRouter
DA:26,0
BRDA:26,0,0,-
DA:30,16
FN:30,CompoundV3Adapter.constructor
FNDA:16,CompoundV3Adapter.constructor
DA:31,16
BRDA:31,1,0,-
DA:32,0
DA:35,16
DA:36,16
DA:39,0
FN:39,CompoundV3Adapter.execute
FNDA:0,CompoundV3Adapter.execute
DA:40,0
BRDA:40,2,0,-
DA:41,0
BRDA:41,3,0,-
DA:43,0
BRDA:43,4,0,-
DA:44,0
DA:47,0
DA:49,0
BRDA:49,5,0,-
BRDA:49,5,1,-
DA:50,0
DA:52,0
DA:55,0
DA:58,0
FN:58,CompoundV3Adapter.totalAssets
FNDA:0,CompoundV3Adapter.totalAssets
DA:59,0
DA:62,0
FN:62,CompoundV3Adapter.poolAddress
FNDA:0,CompoundV3Adapter.poolAddress
DA:63,0
DA:66,0
FN:66,CompoundV3Adapter._deposit
FNDA:0,CompoundV3Adapter._deposit
DA:67,0
DA:69,0
DA:73,0
FN:73,CompoundV3Adapter._withdraw
FNDA:0,CompoundV3Adapter._withdraw
DA:74,0
FNF:7
FNH:1
LF:26
LH:4
BRF:7
BRH:0
end_of_record
TN:
SF:contracts/bootstrap/GenesisBonding.sol
DA:35,16
FN:35,GenesisBonding.constructor
FNDA:16,GenesisBonding.constructor
DA:43,16
BRDA:43,0,0,-
DA:44,16
BRDA:44,1,0,-
DA:45,16
BRDA:45,2,0,-
DA:46,16
BRDA:46,3,0,-
DA:47,16
BRDA:47,4,0,-
DA:48,16
DA:50,16
DA:51,16
DA:52,16
DA:54,16
DA:55,16
DA:58,0
FN:58,GenesisBonding.sweep
FNDA:0,GenesisBonding.sweep
DA:59,0
BRDA:59,5,0,-
DA:60,0
DA:63,0
BRDA:63,6,0,-
DA:65,0
DA:67,0
BRDA:67,7,0,-
DA:68,0
DA:70,0
DA:74,0
FN:74,GenesisBonding.buy
FNDA:0,GenesisBonding.buy
DA:75,0
BRDA:75,8,0,-
DA:76,0
BRDA:76,9,0,-
DA:77,0
BRDA:77,10,0,-
DA:78,0
BRDA:78,11,0,-
DA:79,0
DA:82,0
DA:83,0
DA:85,0
DA:86,0
DA:88,0
DA:91,0
FN:91,GenesisBonding.finalize
FNDA:0,GenesisBonding.finalize
DA:92,0
BRDA:92,12,0,-
DA:94,0
DA:96,0
DA:98,0
DA:99,0
DA:102,0
DA:103,0
DA:104,0
DA:106,0
DA:109,0
FN:109,GenesisBonding.setPurchaseTokens
FNDA:0,GenesisBonding.setPurchaseTokens
DA:110,0
DA:113,16
FN:113,GenesisBonding._setPurchaseTokens
FNDA:16,GenesisBonding._setPurchaseTokens
DA:114,16
DA:116,16
DA:117,16
BRDA:117,13,0,-
DA:119,16
FNF:6
FNH:2
LF:48
LH:17
BRF:14
BRH:0
end_of_record
TN:
SF:contracts/core/ProtocolCore.sol
DA:26,16
FN:26,ProtocolCore.constructor
FNDA:16,ProtocolCore.constructor
DA:27,0
DA:30,16
FN:30,ProtocolCore.initialize
FNDA:16,ProtocolCore.initialize
DA:36,16
BRDA:36,0,0,-
DA:37,0
DA:39,0
DA:41,16
DA:42,16
DA:43,16
DA:44,16
DA:46,16
DA:47,16
DA:50,0
FN:50,ProtocolCore.setSupportedVaultAsset
FNDA:0,ProtocolCore.setSupportedVaultAsset
DA:51,0
DA:54,1
FN:54,ProtocolCore.isVaultAssetSupported
FNDA:1,ProtocolCore.isVaultAssetSupported
DA:55,1
DA:58,0
FN:58,ProtocolCore.pauseVaultCreation
FNDA:0,ProtocolCore.pauseVaultCreation
DA:59,0
DA:60,0
DA:63,0
FN:63,ProtocolCore.pauseVaultDeposits
FNDA:0,ProtocolCore.pauseVaultDeposits
DA:64,0
DA:65,0
DA:68,0
FN:68,ProtocolCore.unpauseVaultCreation
FNDA:0,ProtocolCore.unpauseVaultCreation
DA:69,0
DA:70,0
DA:73,0
FN:73,ProtocolCore.unpauseVaultDeposits
FNDA:0,ProtocolCore.unpauseVaultDeposits
DA:74,0
DA:75,0
DA:78,0
FN:78,ProtocolCore.hasGenesisToken
FNDA:0,ProtocolCore.hasGenesisToken
DA:79,0
DA:82,2
FN:82,ProtocolCore.getSupportedGenesisTokens
FNDA:2,ProtocolCore.getSupportedGenesisTokens
DA:83,2
DA:86,0
FN:86,ProtocolCore.getTimelockMinDelay
FNDA:0,ProtocolCore.getTimelockMinDelay
DA:87,0
DA:90,0
FN:90,ProtocolCore.setSupportedGenesisTokens
FNDA:0,ProtocolCore.setSupportedGenesisTokens
DA:91,0
DA:94,16
FN:94,ProtocolCore._setSupportedGenesisTokens
FNDA:16,ProtocolCore._setSupportedGenesisTokens
DA:95,16
DA:97,16
DA:98,16
BRDA:98,1,0,-
DA:99,16
DA:103,16
FN:103,ProtocolCore._setSupportedVaultToken
FNDA:16,ProtocolCore._setSupportedVaultToken
DA:104,16
BRDA:104,2,0,-
DA:105,16
DA:106,16
DA:109,0
FN:109,ProtocolCore._authorizeUpgrade
FNDA:0,ProtocolCore._authorizeUpgrade
FNF:15
FNH:6
LF:46
LH:22
BRF:3
BRH:0
end_of_record
TN:
SF:contracts/core/Treasury.sol
DA:28,16
FN:28,Treasury.constructor
FNDA:16,Treasury.constructor
DA:29,16
BRDA:29,0,0,-
DA:30,16
DA:31,16
DA:34,0
FN:34,Treasury.receive
FNDA:0,Treasury.receive
DA:35,0
DA:38,0
FN:38,Treasury.setProtocolCore
FNDA:0,Treasury.setProtocolCore
DA:39,0
DA:42,0
FN:42,Treasury.withdrawDaoERC20
FNDA:0,Treasury.withdrawDaoERC20
DA:47,0
BRDA:47,1,0,-
DA:48,0
DA:51,0
BRDA:51,2,0,-
DA:52,0
DA:55,0
BRDA:55,3,0,-
DA:57,0
DA:59,0
DA:62,0
FN:62,Treasury.withdrawNotAssetDaoERC20
FNDA:0,Treasury.withdrawNotAssetDaoERC20
DA:67,0
BRDA:67,4,0,-
DA:68,0
DA:71,0
BRDA:71,5,0,-
DA:72,0
DA:75,0
BRDA:75,6,0,-
DA:77,0
DA:79,0
DA:82,0
FN:82,Treasury.withdrawDaoNative
FNDA:0,Treasury.withdrawDaoNative
DA:83,0
BRDA:83,7,0,-
DA:84,0
BRDA:84,8,0,-
DA:85,0
BRDA:85,9,0,-
DA:86,0
DA:89,0
DA:91,0
DA:94,0
FN:94,Treasury.nativeBalance
FNDA:0,Treasury.nativeBalance
DA:95,0
DA:98,0
FN:98,Treasury.erc20Balance
FNDA:0,Treasury.erc20Balance
DA:99,0
BRDA:99,10,0,-
DA:100,0
FNF:8
FNH:1
LF:36
LH:4
BRF:11
BRH:0
end_of_record
TN:
SF:contracts/execution/RiskManager.sol
DA:50,16
FN:50,RiskManager.constructor
FNDA:16,RiskManager.constructor
DA:51,0
DA:54,16
FN:54,RiskManager.initialize
FNDA:16,RiskManager.initialize
DA:55,16
BRDA:55,0,0,-
DA:56,0
DA:59,0
DA:61,16
DA:62,16
DA:63,16
DA:66,1
FN:66,RiskManager.setAssetConfig
FNDA:1,RiskManager.setAssetConfig
DA:75,1
BRDA:75,1,0,-
DA:76,0
DA:79,1
BRDA:79,2,0,-
DA:81,1
BRDA:81,3,0,1
BRDA:81,3,1,-
DA:82,1
BRDA:82,4,0,-
DA:83,0
DA:85,1
BRDA:85,5,0,-
DA:86,0
DA:88,1
BRDA:88,6,0,-
DA:89,0
DA:92,0
BRDA:92,7,0,-
DA:93,0
DA:97,1
DA:106,1
DA:109,0
FN:109,RiskManager.pauseAdapterExecution
FNDA:0,RiskManager.pauseAdapterExecution
DA:110,0
DA:111,0
DA:114,0
FN:114,RiskManager.unpauseAdapterExecution
FNDA:0,RiskManager.unpauseAdapterExecution
DA:115,0
DA:116,0
DA:119,1
FN:119,RiskManager.getAssetConfig
FNDA:1,RiskManager.getAssetConfig
DA:120,1
DA:124,0
FN:124,RiskManager.getAssetConfigFields
FNDA:0,RiskManager.getAssetConfigFields
DA:136,0
DA:137,0
DA:147,0
FN:147,RiskManager.validateExecution
FNDA:0,RiskManager.validateExecution
DA:148,0
BRDA:148,8,0,-
DA:150,0
DA:151,0
BRDA:151,9,0,-
DA:152,0
BRDA:152,10,0,-
DA:154,0
DA:156,0
BRDA:156,11,0,-
DA:157,0
DA:158,0
DA:160,0
BRDA:160,12,0,-
DA:161,0
DA:166,0
FN:166,RiskManager.getValidatedPrice
FNDA:0,RiskManager.getValidatedPrice
DA:167,0
DA:168,0
BRDA:168,13,0,-
DA:169,0
BRDA:169,14,0,-
DA:171,0
DA:174,0
FN:174,RiskManager.isAssetHealthy
FNDA:0,RiskManager.isAssetHealthy
DA:175,0
BRDA:175,15,0,-
DA:177,0
DA:178,0
BRDA:178,16,0,-
DA:180,0
BRDA:180,17,0,-
DA:181,0
BRDA:181,18,0,-
DA:183,0
DA:184,0
DA:186,0
DA:187,0
BRDA:187,17,1,-
DA:188,0
DA:192,0
FN:192,RiskManager._validatedPrice
FNDA:0,RiskManager._validatedPrice
DA:193,0
DA:194,0
DA:196,0
BRDA:196,19,0,-
DA:198,0
BRDA:198,20,0,-
DA:199,0
BRDA:199,21,0,-
DA:200,0
BRDA:200,22,0,-
DA:201,0
DA:204,0
DA:207,0
DA:209,0
BRDA:209,23,0,-
BRDA:209,23,1,-
DA:210,0
DA:211,0
BRDA:211,24,0,-
BRDA:211,24,1,-
DA:212,0
DA:214,0
DA:217,0
BRDA:217,25,0,-
DA:220,0
FN:220,RiskManager._authorizeUpgrade
FNDA:0,RiskManager._authorizeUpgrade
FNF:12
FNH:4
LF:79
LH:17
BRF:30
BRH:1
end_of_record
TN:
SF:contracts/execution/StrategyRouter.sol
DA:41,16
FN:41,StrategyRouter.constructor
FNDA:16,StrategyRouter.constructor
DA:42,0
DA:45,16
FN:45,StrategyRouter.initialize
FNDA:16,StrategyRouter.initialize
DA:49,16
BRDA:49,0,0,-
DA:50,0
DA:53,0
DA:55,16
DA:56,16
DA:58,16
DA:59,16
DA:62,2
FN:62,StrategyRouter.setAdapterAllowed
FNDA:2,StrategyRouter.setAdapterAllowed
DA:63,2
BRDA:63,1,0,-
DA:65,2
BRDA:65,2,0,2
BRDA:65,2,1,-
DA:66,2
DA:68,0
DA:71,2
DA:74,2
FN:74,StrategyRouter.isAdapterAllowed
FNDA:2,StrategyRouter.isAdapterAllowed
DA:75,2
DA:78,0
FN:78,StrategyRouter.getAllowedAdapters
FNDA:0,StrategyRouter.getAllowedAdapters
DA:79,0
DA:82,0
FN:82,StrategyRouter.setRiskManager
FNDA:0,StrategyRouter.setRiskManager
DA:83,0
BRDA:83,3,0,-
DA:85,0
DA:86,0
DA:88,0
DA:91,0
FN:91,StrategyRouter.executeMultiple
FNDA:0,StrategyRouter.executeMultiple
DA:98,0
BRDA:98,4,0,-
DA:100,0
DA:102,0
BRDA:102,5,0,-
DA:103,0
DA:106,0
DA:108,0
DA:109,0
DA:111,0
DA:113,0
DA:114,0
BRDA:114,6,0,-
DA:115,0
DA:120,0
DA:121,0
DA:123,0
BRDA:123,7,0,-
DA:125,0
DA:128,0
DA:131,0
FN:131,StrategyRouter.divestMultiple
FNDA:0,StrategyRouter.divestMultiple
DA:135,0
BRDA:135,8,0,-
DA:137,0
DA:139,0
BRDA:139,9,0,-
DA:140,0
DA:143,0
BRDA:143,10,0,-
DA:145,0
BRDA:145,11,0,-
DA:146,0
DA:149,0
DA:150,0
DA:152,0
DA:154,0
DA:156,0
BRDA:156,12,0,-
DA:158,0
DA:161,0
DA:164,0
FN:164,StrategyRouter._validateVaultAndRisk
FNDA:0,StrategyRouter._validateVaultAndRisk
DA:165,0
BRDA:165,13,0,-
DA:166,0
DA:169,0
BRDA:169,14,0,-
DA:170,0
DA:173,0
BRDA:173,15,0,-
DA:174,0
DA:177,0
DA:180,0
FN:180,StrategyRouter._validateAdapter
FNDA:0,StrategyRouter._validateAdapter
DA:181,0
BRDA:181,16,0,-
DA:183,0
BRDA:183,17,0,-
DA:184,0
DA:188,0
FN:188,StrategyRouter._authorizeUpgrade
FNDA:0,StrategyRouter._authorizeUpgrade
FNF:11
FNH:4
LF:70
LH:14
BRF:19
BRH:1
end_of_record
TN:
SF:contracts/governance/DaoGovernor.sol
DA:27,16
FN:27,DaoGovernor.constructor
FNDA:16,DaoGovernor.constructor
DA:39,16
DA:40,16
DA:41,16
DA:44,0
FN:44,DaoGovernor.votingDelay
FNDA:0,DaoGovernor.votingDelay
DA:45,0
DA:48,0
FN:48,DaoGovernor.votingPeriod
FNDA:0,DaoGovernor.votingPeriod
DA:49,0
DA:52,0
FN:52,DaoGovernor.state
FNDA:0,DaoGovernor.state
DA:53,0
DA:56,17
FN:56,DaoGovernor.proposalThreshold
FNDA:17,DaoGovernor.proposalThreshold
DA:57,17
DA:60,0
FN:60,DaoGovernor.proposalNeedsQueuing
FNDA:0,DaoGovernor.proposalNeedsQueuing
DA:66,0
DA:69,0
FN:69,DaoGovernor._propose
FNDA:0,DaoGovernor._propose
DA:76,0
DA:79,0
FN:79,DaoGovernor._queueOperations
FNDA:0,DaoGovernor._queueOperations
DA:86,0
DA:89,0
FN:89,DaoGovernor._executeOperations
FNDA:0,DaoGovernor._executeOperations
DA:96,0
DA:99,0
FN:99,DaoGovernor._cancel
FNDA:0,DaoGovernor._cancel
DA:105,0
DA:108,0
FN:108,DaoGovernor._executor
FNDA:0,DaoGovernor._executor
DA:109,0
FNF:11
FNH:2
LF:24
LH:6
BRF:0
BRH:0
end_of_record
TN:
SF:contracts/governance/GovernanceToken.sol
DA:16,22
FN:16,GovernanceToken.constructor
FNDA:22,GovernanceToken.constructor
DA:17,22
DA:20,19
FN:20,GovernanceToken.mint
FNDA:19,GovernanceToken.mint
DA:21,1
BRDA:21,0,0,1
DA:22,17
DA:25,3
FN:25,GovernanceToken.finishMinting
FNDA:3,GovernanceToken.finishMinting
DA:26,3
DA:27,3
DA:30,17
FN:30,GovernanceToken._update
FNDA:17,GovernanceToken._update
DA:31,17
FNF:4
FNH:4
LF:10
LH:10
BRF:1
BRH:1
end_of_record
TN:
SF:contracts/guardians/GuardianAdministrator.sol
DA:54,16
FN:54,GuardianAdministrator.onlyTimelock
FNDA:16,GuardianAdministrator.onlyTimelock
DA:55,16
BRDA:55,0,0,-
DA:56,0
DA:61,16
FN:61,GuardianAdministrator.constructor
FNDA:16,GuardianAdministrator.constructor
DA:62,16
BRDA:62,1,0,-
DA:63,0
DA:66,16
BRDA:66,2,0,-
DA:67,0
DA:70,16
BRDA:70,3,0,-
DA:71,0
DA:74,16
DA:75,16
DA:76,16
DA:79,16
FN:79,GuardianAdministrator.setBondEscrow
FNDA:16,GuardianAdministrator.setBondEscrow
DA:80,16
BRDA:80,4,0,-
DA:81,0
DA:83,16
DA:86,16
FN:86,GuardianAdministrator.selfDelegateGovernanceVotes
FNDA:16,GuardianAdministrator.selfDelegateGovernanceVotes
DA:87,16
BRDA:87,5,0,-
DA:88,0
DA:91,16
DA:93,16
DA:96,0
FN:96,GuardianAdministrator.applyGuardian
FNDA:0,GuardianAdministrator.applyGuardian
DA:97,0
BRDA:97,6,0,-
DA:98,0
DA:101,0
DA:102,0
DA:104,0
BRDA:104,7,0,-
DA:105,0
DA:108,0
DA:109,0
DA:110,0
DA:112,0
DA:114,0
DA:115,0
DA:116,0
DA:118,0
DA:119,0
DA:120,0
DA:122,0
DA:123,0
DA:125,0
DA:127,0
DA:129,0
DA:132,0
FN:132,GuardianAdministrator.guardianApprove
FNDA:0,GuardianAdministrator.guardianApprove
DA:133,0
BRDA:133,8,0,-
DA:134,0
DA:137,0
DA:139,0
BRDA:139,9,0,-
DA:140,0
DA:143,0
DA:144,0
DA:146,0
DA:149,0
FN:149,GuardianAdministrator.resolveRejectedApplication
FNDA:0,GuardianAdministrator.resolveRejectedApplication
DA:150,0
DA:152,0
BRDA:152,10,0,-
DA:153,0
DA:156,0
DA:159,0
DA:160,0
DA:161,0
BRDA:161,11,0,-
DA:162,0
DA:165,0
DA:167,0
DA:168,0
DA:170,0
BRDA:170,12,0,-
DA:171,0
DA:174,0
DA:177,0
FN:177,GuardianAdministrator.resignGuardian
FNDA:0,GuardianAdministrator.resignGuardian
DA:178,0
DA:179,0
DA:181,0
BRDA:181,13,0,-
DA:182,0
DA:185,0
DA:187,0
DA:188,0
DA:189,0
DA:191,0
BRDA:191,14,0,-
DA:192,0
DA:195,0
DA:198,0
FN:198,GuardianAdministrator.banGuardian
FNDA:0,GuardianAdministrator.banGuardian
DA:199,0
BRDA:199,15,0,-
DA:200,0
DA:203,0
DA:205,0
BRDA:205,16,0,-
DA:206,0
DA:209,0
DA:211,0
DA:212,0
DA:213,0
DA:215,0
BRDA:215,17,0,-
DA:216,0
DA:219,0
DA:222,0
FN:222,GuardianAdministrator.setMinStake
FNDA:0,GuardianAdministrator.setMinStake
DA:223,0
BRDA:223,18,0,-
DA:224,0
DA:227,0
DA:228,0
DA:230,0
DA:233,0
FN:233,GuardianAdministrator.getGuardianDetail
FNDA:0,GuardianAdministrator.getGuardianDetail
DA:234,0
DA:236,0
BRDA:236,19,0,-
DA:237,0
DA:240,0
DA:243,0
FN:243,GuardianAdministrator.getProposalState
FNDA:0,GuardianAdministrator.getProposalState
DA:244,0
DA:246,0
BRDA:246,20,0,-
DA:247,0
DA:250,0
DA:253,0
FN:253,GuardianAdministrator.isActiveGuardian
FNDA:0,GuardianAdministrator.isActiveGuardian
DA:254,0
DA:257,0
FN:257,GuardianAdministrator.totalActiveGuardians
FNDA:0,GuardianAdministrator.totalActiveGuardians
DA:258,0
FNF:14
FNH:4
LF:113
LH:16
BRF:21
BRH:0
end_of_record
TN:
SF:contracts/guardians/GuardianBondEscrow.sol
DA:30,16
FN:30,GuardianBondEscrow.constructor
FNDA:16,GuardianBondEscrow.constructor
DA:36,16
BRDA:36,0,0,-
DA:37,0
DA:39,16
BRDA:39,1,0,-
DA:40,0
DA:42,16
BRDA:42,2,0,-
DA:43,0
DA:45,16
BRDA:45,3,0,-
DA:46,0
DA:49,16
DA:50,16
DA:51,16
DA:53,16
DA:54,16
DA:57,0
FN:57,GuardianBondEscrow.setGuardianAdministrator
FNDA:0,GuardianBondEscrow.setGuardianAdministrator
DA:58,0
BRDA:58,4,0,-
DA:59,0
DA:62,0
DA:64,0
BRDA:64,5,0,-
DA:65,0
DA:68,0
DA:69,0
DA:71,0
DA:73,0
DA:76,0
FN:76,GuardianBondEscrow.lock
FNDA:0,GuardianBondEscrow.lock
DA:77,0
BRDA:77,6,0,-
DA:78,0
BRDA:78,7,0,-
DA:80,0
DA:81,0
DA:83,0
DA:86,0
FN:86,GuardianBondEscrow.refund
FNDA:0,GuardianBondEscrow.refund
DA:87,0
BRDA:87,8,0,-
DA:88,0
BRDA:88,9,0,-
DA:90,0
DA:91,0
BRDA:91,10,0,-
DA:93,0
DA:94,0
DA:96,0
DA:99,0
FN:99,GuardianBondEscrow.releaseOnResign
FNDA:0,GuardianBondEscrow.releaseOnResign
DA:100,0
BRDA:100,11,0,-
DA:101,0
BRDA:101,12,0,-
DA:103,0
DA:104,0
BRDA:104,13,0,-
DA:106,0
DA:107,0
DA:109,0
DA:112,0
FN:112,GuardianBondEscrow.slashToTreasury
FNDA:0,GuardianBondEscrow.slashToTreasury
DA:113,0
BRDA:113,14,0,-
DA:114,0
BRDA:114,15,0,-
DA:116,0
DA:117,0
BRDA:117,16,0,-
DA:119,0
DA:120,0
DA:122,0
DA:125,0
FN:125,GuardianBondEscrow.getApplicationTokenBalance
FNDA:0,GuardianBondEscrow.getApplicationTokenBalance
DA:126,0
FNF:7
FNH:1
LF:56
LH:10
BRF:17
BRH:0
end_of_record
TN:
SF:contracts/vaults/factory/VaultFactory.sol
DA:37,16
FN:37,VaultFactory.constructor
FNDA:16,VaultFactory.constructor
DA:46,16
DA:47,16
DA:48,0
BRDA:48,0,0,-
DA:49,0
DA:52,16
DA:53,16
DA:54,16
DA:55,16
DA:56,16
DA:57,16
DA:59,16
DA:62,0
FN:62,VaultFactory.makeSalt
FNDA:0,VaultFactory.makeSalt
DA:68,0
DA:69,0
DA:70,0
DA:71,0
DA:75,0
FN:75,VaultFactory.predictVaultAddress
FNDA:0,VaultFactory.predictVaultAddress
DA:80,0
DA:81,0
DA:84,0
FN:84,VaultFactory.createVault
FNDA:0,VaultFactory.createVault
DA:88,0
DA:90,0
BRDA:90,1,0,-
DA:91,0
DA:93,0
BRDA:93,2,0,-
DA:94,0
DA:96,0
BRDA:96,3,0,-
DA:97,0
DA:99,0
BRDA:99,4,0,-
DA:100,0
DA:103,0
DA:105,0
BRDA:105,5,0,-
DA:106,0
DA:109,0
DA:111,0
DA:113,0
BRDA:113,6,0,-
DA:114,0
DA:117,0
DA:119,0
BRDA:119,7,0,-
DA:120,0
DA:123,0
DA:125,0
DA:127,0
DA:130,0
FN:130,VaultFactory.isDeployed
FNDA:0,VaultFactory.isDeployed
DA:131,0
DA:132,0
DA:133,0
DA:136,0
FN:136,VaultFactory.setRouter
FNDA:0,VaultFactory.setRouter
DA:137,0
BRDA:137,8,0,-
DA:139,0
DA:140,0
DA:142,0
DA:145,0
FN:145,VaultFactory.setCore
FNDA:0,VaultFactory.setCore
DA:146,0
BRDA:146,9,0,-
DA:148,0
DA:149,0
DA:151,0
DA:154,0
FN:154,VaultFactory.setGuardianAdministrator
FNDA:0,VaultFactory.setGuardianAdministrator
DA:155,0
BRDA:155,10,0,-
DA:157,0
DA:158,0
DA:160,0
DA:163,0
FN:163,VaultFactory.setVaultRegistry
FNDA:0,VaultFactory.setVaultRegistry
DA:164,0
BRDA:164,11,0,-
DA:166,0
DA:167,0
DA:169,0
FNF:9
FNH:1
LF:67
LH:10
BRF:12
BRH:0
end_of_record
TN:
SF:contracts/vaults/implementations/VaultImplementation.sol
DA:84,16
FN:84,VaultImplementation.constructor
FNDA:16,VaultImplementation.constructor
DA:85,0
DA:88,0
FN:88,VaultImplementation.initialize
FNDA:0,VaultImplementation.initialize
DA:99,0
DA:100,0
DA:101,0
BRDA:101,0,0,-
DA:102,0
DA:105,0
BRDA:105,1,0,-
DA:107,0
DA:108,0
DA:109,0
DA:110,0
DA:112,0
DA:113,0
DA:114,0
DA:115,0
DA:117,0
DA:118,0
DA:119,0
DA:121,0
DA:124,0
FN:124,VaultImplementation.setRouter
FNDA:0,VaultImplementation.setRouter
DA:125,0
BRDA:125,2,0,-
DA:127,0
DA:129,0
DA:130,0
DA:131,0
DA:133,0
DA:136,0
FN:136,VaultImplementation.setCore
FNDA:0,VaultImplementation.setCore
DA:137,0
BRDA:137,3,0,-
DA:139,0
DA:140,0
DA:142,0
DA:145,0
FN:145,VaultImplementation.pause
FNDA:0,VaultImplementation.pause
DA:146,0
DA:149,0
FN:149,VaultImplementation.unpause
FNDA:0,VaultImplementation.unpause
DA:150,0
DA:153,0
FN:153,VaultImplementation.deposit
FNDA:0,VaultImplementation.deposit
DA:160,0
BRDA:160,4,0,-
DA:161,0
DA:164,0
DA:167,0
FN:167,VaultImplementation.mint
FNDA:0,VaultImplementation.mint
DA:174,0
BRDA:174,5,0,-
DA:175,0
DA:178,0
DA:181,0
FN:181,VaultImplementation.withdraw
FNDA:0,VaultImplementation.withdraw
DA:188,0
DA:190,0
BRDA:190,6,0,-
BRDA:190,6,1,-
DA:191,0
DA:192,0
DA:194,0
DA:196,0
DA:200,0
FN:200,VaultImplementation.redeem
FNDA:0,VaultImplementation.redeem
DA:207,0
DA:209,0
BRDA:209,7,0,-
BRDA:209,7,1,-
DA:210,0
DA:211,0
DA:213,0
DA:215,0
DA:219,0
FN:219,VaultImplementation.totalAssets
FNDA:0,VaultImplementation.totalAssets
DA:220,0
DA:222,0
DA:224,0
DA:225,0
DA:226,0
DA:230,0
FN:230,VaultImplementation.executeStrategy
FNDA:0,VaultImplementation.executeStrategy
DA:235,0
DA:238,0
FN:238,VaultImplementation.divestStrategy
FNDA:0,VaultImplementation.divestStrategy
DA:239,0
DA:242,0
FN:242,VaultImplementation.executeFromRouter
FNDA:0,VaultImplementation.executeFromRouter
DA:248,0
BRDA:248,8,0,-
DA:250,0
DA:252,0
BRDA:252,9,0,-
DA:253,0
DA:256,0
DA:258,0
DA:261,0
FN:261,VaultImplementation.approveTokenFromRouter
FNDA:0,VaultImplementation.approveTokenFromRouter
DA:266,0
BRDA:266,10,0,-
DA:267,0
DA:270,0
DA:272,0
DA:275,0
FN:275,VaultImplementation.getActiveAdapters
FNDA:0,VaultImplementation.getActiveAdapters
DA:276,0
DA:279,0
FN:279,VaultImplementation.decimals
FNDA:0,VaultImplementation.decimals
DA:280,0
DA:283,0
FN:283,VaultImplementation.supportsInterface
FNDA:0,VaultImplementation.supportsInterface
DA:284,0
DA:287,0
FN:287,VaultImplementation._executeStrategy
FNDA:0,VaultImplementation._executeStrategy
DA:288,0
DA:290,0
BRDA:290,11,0,-
DA:291,0
DA:294,0
DA:296,0
DA:298,0
DA:299,0
DA:300,0
DA:302,0
BRDA:302,12,0,-
DA:303,0
DA:306,0
DA:308,0
BRDA:308,13,0,-
DA:309,0
DA:312,0
BRDA:312,14,0,-
DA:313,0
DA:316,0
DA:319,0
DA:322,0
DA:324,0
DA:325,0
DA:327,0
DA:328,0
DA:331,0
DA:334,0
FN:334,VaultImplementation._rebalanceStrategies
FNDA:0,VaultImplementation._rebalanceStrategies
DA:335,0
DA:337,0
BRDA:337,15,0,-
DA:339,0
DA:341,0
BRDA:341,16,0,-
DA:343,0
DA:344,0
DA:346,0
DA:348,0
DA:349,0
DA:352,0
DA:355,0
FN:355,VaultImplementation._divestStrategy
FNDA:0,VaultImplementation._divestStrategy
DA:356,0
DA:358,0
BRDA:358,17,0,-
DA:360,0
DA:361,0
DA:363,0
DA:364,0
DA:367,0
DA:370,0
FN:370,VaultImplementation._clearActiveAdapters
FNDA:0,VaultImplementation._clearActiveAdapters
DA:371,0
DA:373,0
DA:374,0
DA:376,0
DA:377,0
DA:379,0
DA:383,0
FN:383,VaultImplementation._getAllocationBps
FNDA:0,VaultImplementation._getAllocationBps
DA:384,0
DA:385,0
DA:387,0
DA:388,0
DA:389,0
DA:393,0
FN:393,VaultImplementation._revertWithReturnData
FNDA:0,VaultImplementation._revertWithReturnData
DA:394,0
BRDA:394,18,0,-
DA:395,0
DA:399,0
FNF:24
FNH:1
LF:146
LH:1
BRF:21
BRH:0
end_of_record
TN:
SF:contracts/vaults/registry/VaultRegistry.sol
DA:34,17
FN:34,VaultRegistry.constructor
FNDA:17,VaultRegistry.constructor
DA:35,17
BRDA:35,0,0,-
DA:37,17
DA:40,17
FN:40,VaultRegistry.setFactory
FNDA:17,VaultRegistry.setFactory
DA:41,17
BRDA:41,1,0,-
DA:42,17
DA:45,0
FN:45,VaultRegistry.registerVault
FNDA:0,VaultRegistry.registerVault
DA:46,0
BRDA:46,2,0,-
DA:47,0
BRDA:47,3,0,-
DA:48,0
BRDA:48,4,0,-
DA:49,0
BRDA:49,5,0,-
DA:50,0
BRDA:50,6,0,-
DA:51,0
DA:54,0
DA:55,0
DA:56,0
DA:57,0
DA:58,0
DA:60,0
DA:63,0
DA:66,0
FN:66,VaultRegistry.deactivateVault
FNDA:0,VaultRegistry.deactivateVault
DA:67,0
BRDA:67,7,0,-
DA:68,0
BRDA:68,8,0,-
DA:70,0
DA:72,0
DA:75,0
FN:75,VaultRegistry.deactivateOwnVault
FNDA:0,VaultRegistry.deactivateOwnVault
DA:76,0
BRDA:76,9,0,-
DA:77,0
BRDA:77,10,0,-
DA:78,0
BRDA:78,11,0,-
DA:80,0
DA:82,0
DA:85,0
FN:85,VaultRegistry.getVaultDetail
FNDA:0,VaultRegistry.getVaultDetail
DA:86,0
BRDA:86,12,0,-
DA:87,0
DA:90,0
FN:90,VaultRegistry.getVaultByAssetAndGuardian
FNDA:0,VaultRegistry.getVaultByAssetAndGuardian
DA:91,0
DA:94,0
FN:94,VaultRegistry.isActiveVault
FNDA:0,VaultRegistry.isActiveVault
DA:95,0
BRDA:95,13,0,-
DA:96,0
DA:99,0
FN:99,VaultRegistry.getVaultsByAsset
FNDA:0,VaultRegistry.getVaultsByAsset
DA:100,0
DA:103,0
FN:103,VaultRegistry.getVaultsByGuardian
FNDA:0,VaultRegistry.getVaultsByGuardian
DA:104,0
DA:107,0
FN:107,VaultRegistry.getAllVaults
FNDA:0,VaultRegistry.getAllVaults
DA:108,0
DA:111,0
FN:111,VaultRegistry.totalVaults
FNDA:0,VaultRegistry.totalVaults
DA:112,0
DA:115,0
FN:115,VaultRegistry.totalVaultsByAsset
FNDA:0,VaultRegistry.totalVaultsByAsset
DA:116,0
DA:119,0
FN:119,VaultRegistry.totalVaultsByGuardian
FNDA:0,VaultRegistry.totalVaultsByGuardian
DA:120,0
FNF:14
FNH:2
LF:51
LH:6
BRF:14
BRH:0
end_of_record
TN:
SF:script/deploy/DeployAaveV3Adapter.s.sol
DA:9,16
FN:9,DeployAaveV3Adapter.run
FNDA:16,DeployAaveV3Adapter.run
DA:13,16
DA:15,16
DA:16,16
DA:17,16
DA:19,0
BRDA:19,0,0,-
DA:20,0
DA:21,0
DA:24,16
DA:25,16
DA:26,16
DA:28,16
DA:29,0
FNF:1
FNH:1
LF:13
LH:9
BRF:1
BRH:0
end_of_record
TN:
SF:script/deploy/DeployCompoundV3Adapter.s.sol
DA:9,16
FN:9,DeployCompoundV3Adapter.run
FNDA:16,DeployCompoundV3Adapter.run
DA:13,16
DA:15,16
DA:16,16
DA:17,16
DA:19,0
BRDA:19,0,0,-
DA:20,0
DA:21,0
DA:24,16
DA:25,16
DA:26,16
DA:28,16
DA:29,0
FNF:1
FNH:1
LF:13
LH:9
BRF:1
BRH:0
end_of_record
TN:
SF:script/deploy/DeployDaoGovernor.s.sol
DA:14,16
FN:14,DeployDaoGovernor.run
FNDA:16,DeployDaoGovernor.run
DA:18,16
DA:20,16
DA:21,16
DA:22,16
DA:24,16
BRDA:24,0,0,-
DA:25,0
DA:26,0
DA:29,16
DA:30,16
DA:37,16
DA:39,16
DA:40,16
DA:41,0
FNF:1
FNH:1
LF:14
LH:11
BRF:1
BRH:0
end_of_record
TN:
SF:script/deploy/DeployGenesisBonding.s.sol
DA:10,16
FN:10,DeployGenesisBonding.run
FNDA:16,DeployGenesisBonding.run
DA:17,16
DA:19,16
DA:20,16
DA:21,16
DA:23,16
BRDA:23,0,0,-
DA:24,0
DA:25,0
DA:28,16
DA:29,16
DA:37,16
DA:39,16
DA:40,0
FNF:1
FNH:1
LF:13
LH:10
BRF:1
BRH:0
end_of_record
TN:
SF:script/deploy/DeployGovernanceToken.s.sol
DA:9,16
FN:9,DeployGovernanceToken.run
FNDA:16,DeployGovernanceToken.run
DA:10,16
DA:12,16
DA:13,16
DA:15,16
DA:16,16
DA:17,16
DA:19,16
DA:20,0
FNF:1
FNH:1
LF:9
LH:8
BRF:0
BRH:0
end_of_record
TN:
SF:script/deploy/DeployGuardianAdministrator.s.sol
DA:11,16
FN:11,DeployGuardianAdministrator.run
FNDA:16,DeployGuardianAdministrator.run
DA:15,16
DA:17,16
DA:19,16
BRDA:19,0,0,-
DA:20,0
DA:21,0
DA:24,16
DA:25,16
DA:30,16
DA:32,16
DA:33,0
FNF:1
FNH:1
LF:11
LH:8
BRF:1
BRH:0
end_of_record
TN:
SF:script/deploy/DeployGuardianBondEscrow.s.sol
DA:10,16
FN:10,DeployGuardianBondEscrow.run
FNDA:16,DeployGuardianBondEscrow.run
DA:18,16
DA:20,16
DA:21,16
DA:22,16
DA:24,16
BRDA:24,0,0,-
DA:25,0
DA:26,0
DA:29,16
DA:30,16
DA:36,16
DA:38,16
DA:39,0
FNF:1
FNH:1
LF:13
LH:10
BRF:1
BRH:0
end_of_record
TN:
SF:script/deploy/DeployInvestmentDao.s.sol
DA:36,0
FN:36,DeployInvestmentDao.run
FNDA:0,DeployInvestmentDao.run
DA:56,0
DA:57,0
DA:58,0
DA:59,0
DA:62,0
BRDA:62,0,0,-
DA:64,0
DA:65,0
DA:66,0
DA:68,0
DA:69,0
DA:70,0
DA:71,0
DA:72,0
DA:75,0
DA:93,0
DA:96,0
DA:116,0
DA:119,16
FN:119,DeployInvestmentDao.deployContracts
FNDA:16,DeployInvestmentDao.deployContracts
DA:139,16
DA:140,16
DA:141,16
DA:143,16
DA:144,16
DA:146,16
DA:147,16
DA:149,16
DA:150,16
DA:152,16
DA:153,16
DA:159,16
DA:160,16
DA:163,16
DA:164,16
DA:170,16
DA:171,16
DA:173,16
DA:174,16
DA:180,16
DA:181,16
DA:182,16
DA:183,16
DA:184,16
DA:185,16
DA:186,16
DA:187,16
DA:188,16
DA:189,16
DA:190,16
DA:192,16
DA:193,16
DA:204,16
DA:205,16
DA:207,16
DA:208,16
DA:211,16
DA:212,16
DA:214,16
DA:215,16
DA:228,16
DA:229,16
DA:232,16
DA:233,16
DA:236,16
DA:240,16
DA:241,16
DA:242,16
DA:243,16
DA:245,16
DA:246,16
DA:247,16
DA:248,16
DA:249,16
DA:250,16
DA:251,16
DA:252,16
DA:253,16
DA:254,16
DA:255,16
DA:256,16
DA:257,16
DA:258,16
DA:259,16
DA:260,16
DA:261,16
DA:262,16
DA:263,16
DA:264,16
BRDA:264,1,0,16
DA:265,16
DA:266,16
DA:267,16
DA:269,16
DA:271,16
DA:290,16
FN:290,DeployInvestmentDao._configureProtocolDefaults
FNDA:16,DeployInvestmentDao._configureProtocolDefaults
DA:298,16
DA:299,16
DA:301,16
DA:309,16
DA:317,16
DA:320,0
FN:320,DeployInvestmentDao._deriveBootstrapStatus
FNDA:0,DeployInvestmentDao._deriveBootstrapStatus
DA:327,0
DA:330,0
DA:332,0
DA:336,0
FN:336,DeployInvestmentDao.generateDeploymentsJson
FNDA:0,DeployInvestmentDao.generateDeploymentsJson
DA:355,0
DA:357,0
BRDA:357,2,0,-
DA:358,0
DA:361,0
DA:363,0
DA:364,0
DA:365,0
DA:366,0
DA:367,0
DA:368,0
DA:369,0
DA:370,0
DA:371,0
DA:372,0
DA:373,0
DA:374,0
DA:375,0
DA:376,0
DA:377,0
DA:378,0
DA:379,0
DA:380,0
DA:381,0
DA:382,0
DA:383,0
DA:384,0
DA:385,0
DA:386,0
DA:388,0
DA:390,0
DA:393,0
FN:393,DeployInvestmentDao.createContractsSdkStructure
FNDA:0,DeployInvestmentDao.createContractsSdkStructure
DA:394,0
DA:396,0
BRDA:396,3,0,-
DA:397,0
DA:400,0
BRDA:400,4,0,-
DA:401,0
DA:404,0
BRDA:404,5,0,-
DA:405,0
DA:408,0
BRDA:408,6,0,-
DA:409,0
FNF:6
FNH:2
LF:144
LH:81
BRF:7
BRH:1
end_of_record
TN:
SF:script/deploy/DeployMocks.s.sol
DA:12,16
FN:12,DeployMocks.run
FNDA:16,DeployMocks.run
DA:16,16
DA:17,16
DA:19,16
DA:21,16
DA:22,16
DA:23,16
DA:24,16
DA:25,16
DA:26,16
DA:27,16
DA:29,16
DA:30,16
DA:31,16
DA:32,16
DA:33,16
DA:35,16
FNF:1
FNH:1
LF:17
LH:17
BRF:0
BRH:0
end_of_record
TN:
SF:script/deploy/DeployProtocolCore.s.sol
DA:10,16
FN:10,DeployProtocolCore.run
FNDA:16,DeployProtocolCore.run
DA:17,16
DA:19,16
DA:20,16
DA:21,16
DA:22,16
DA:23,16
DA:25,0
BRDA:25,0,0,-
DA:26,0
DA:27,0
DA:30,16
DA:31,16
DA:32,16
DA:36,16
DA:38,16
DA:39,16
FNF:1
FNH:1
LF:16
LH:13
BRF:1
BRH:0
end_of_record
TN:
SF:script/deploy/DeployRiskManager.s.sol
DA:10,16
FN:10,DeployRiskManager.run
FNDA:16,DeployRiskManager.run
DA:11,16
DA:13,16
DA:14,16
DA:16,0
BRDA:16,0,0,-
DA:17,0
DA:18,0
DA:21,16
DA:22,16
DA:23,16
DA:26,16
DA:28,16
DA:29,16
FNF:1
FNH:1
LF:13
LH:10
BRF:1
BRH:0
end_of_record
TN:
SF:script/deploy/DeployStrategyRouter.s.sol
DA:11,16
FN:11,DeployStrategyRouter.run
FNDA:16,DeployStrategyRouter.run
DA:18,16
DA:20,16
DA:21,16
DA:23,16
BRDA:23,0,0,-
DA:24,0
DA:25,0
DA:28,16
DA:29,16
DA:30,16
DA:36,16
DA:38,16
DA:39,16
FNF:1
FNH:1
LF:13
LH:11
BRF:1
BRH:0
end_of_record
TN:
SF:script/deploy/DeployTimeLock.s.sol
DA:9,16
FN:9,DeployTimeLock.run
FNDA:16,DeployTimeLock.run
DA:10,16
DA:12,16
DA:13,16
DA:14,16
DA:16,16
DA:17,16
DA:19,16
DA:20,16
DA:22,16
DA:23,16
DA:24,16
DA:25,16
DA:27,16
DA:28,0
FNF:1
FNH:1
LF:15
LH:14
BRF:0
BRH:0
end_of_record
TN:
SF:script/deploy/DeployTreasury.s.sol
DA:9,16
FN:9,DeployTreasury.run
FNDA:16,DeployTreasury.run
DA:10,16
DA:12,16
DA:13,16
DA:15,0
BRDA:15,0,0,-
DA:16,0
DA:17,0
DA:20,16
DA:21,16
DA:22,16
DA:24,16
DA:25,0
FNF:1
FNH:1
LF:12
LH:8
BRF:1
BRH:0
end_of_record
TN:
SF:script/deploy/DeployVaultFactory.s.sol
DA:9,16
FN:9,DeployVaultFactory.run
FNDA:16,DeployVaultFactory.run
DA:19,16
DA:21,16
DA:22,16
DA:25,16
DA:26,16
DA:27,0
BRDA:27,0,0,-
DA:28,0
DA:29,0
DA:32,16
DA:33,16
DA:41,16
DA:43,16
DA:44,0
FNF:1
FNH:1
LF:14
LH:10
BRF:1
BRH:0
end_of_record
TN:
SF:script/deploy/DeployVaultImplementation.s.sol
DA:9,16
FN:9,DeployVaultImplementation.run
FNDA:16,DeployVaultImplementation.run
DA:10,16
DA:12,16
DA:13,16
DA:15,16
DA:16,16
DA:17,16
DA:19,16
DA:20,0
FNF:1
FNH:1
LF:9
LH:8
BRF:0
BRH:0
end_of_record
TN:
SF:script/deploy/DeployVaultRegistry.s.sol
DA:9,16
FN:9,DeployVaultRegistry.run
FNDA:16,DeployVaultRegistry.run
DA:10,16
DA:12,16
DA:13,16
DA:15,0
BRDA:15,0,0,-
DA:16,0
DA:17,0
DA:20,16
DA:21,16
DA:22,16
DA:24,16
DA:25,0
FNF:1
FNH:1
LF:12
LH:8
BRF:1
BRH:0
end_of_record
TN:
SF:script/deploy/FinalizeInvestmentDaoDeployment.s.sol
DA:36,0
FN:36,FinalizeInvestmentDaoDeployment.run
FNDA:0,FinalizeInvestmentDaoDeployment.run
DA:37,0
DA:38,0
DA:39,0
DA:40,0
DA:41,0
DA:43,0
BRDA:43,0,0,-
BRDA:43,0,1,-
DA:44,0
BRDA:44,1,0,-
BRDA:44,1,1,-
DA:45,0
BRDA:45,2,0,-
BRDA:45,2,1,-
DA:55,0
BRDA:55,3,0,-
BRDA:55,3,1,-
DA:63,0
DA:64,0
DA:68,0
DA:72,0
BRDA:72,4,0,-
DA:73,0
DA:75,0
DA:77,0
DA:78,0
DA:80,0
DA:83,0
FN:83,FinalizeInvestmentDaoDeployment._deploymentPath
FNDA:0,FinalizeInvestmentDaoDeployment._deploymentPath
DA:84,0
DA:87,0
FN:87,FinalizeInvestmentDaoDeployment._loadDeployment
FNDA:0,FinalizeInvestmentDaoDeployment._loadDeployment
DA:88,0
DA:90,0
DA:117,0
FN:117,FinalizeInvestmentDaoDeployment._writeDeployment
FNDA:0,FinalizeInvestmentDaoDeployment._writeDeployment
DA:118,0
DA:119,0
DA:120,0
DA:121,0
DA:122,0
DA:123,0
DA:124,0
DA:125,0
DA:126,0
DA:127,0
DA:128,0
DA:129,0
DA:130,0
DA:131,0
DA:132,0
DA:133,0
DA:134,0
DA:135,0
DA:136,0
DA:137,0
DA:138,0
DA:139,0
DA:140,0
DA:141,0
DA:143,0
FNF:4
FNH:0
LF:50
LH:0
BRF:9
BRH:0
end_of_record
TN:
SF:script/deploy/HelperConfig.s.sol
DA:19,32
FN:19,HelperConfig.constructor
FNDA:32,HelperConfig.constructor
DA:20,32
BRDA:20,0,0,32
BRDA:20,0,1,-
DA:21,32
DA:22,0
BRDA:22,1,0,-
BRDA:22,1,1,-
DA:23,0
DA:25,0
DA:29,0
FN:29,HelperConfig.getSepoliaConfig
FNDA:0,HelperConfig.getSepoliaConfig
DA:30,0
DA:31,0
DA:33,0
DA:44,32
FN:44,HelperConfig.getOrCreateAnvilConfig
FNDA:32,HelperConfig.getOrCreateAnvilConfig
DA:45,32
BRDA:45,2,0,-
DA:48,32
DA:49,32
DA:51,32
DA:61,32
DA:64,0
FN:64,HelperConfig.getEnvNetworkConfig
FNDA:0,HelperConfig.getEnvNetworkConfig
DA:65,0
DA:66,0
DA:68,0
DA:79,272
FN:79,HelperConfig.getActiveNetworkConfig
FNDA:272,HelperConfig.getActiveNetworkConfig
DA:80,272
FNF:5
FNH:3
LF:22
LH:11
BRF:5
BRH:1
end_of_record
TN:
SF:script/deploy/InvestmentDaoDeploymentBase.s.sol
DA:14,16
FN:14,InvestmentDaoDeploymentBase._bondEscrowData
FNDA:16,InvestmentDaoDeploymentBase._bondEscrowData
DA:15,16
DA:18,16
FN:18,InvestmentDaoDeploymentBase._vaultFactoryData
FNDA:16,InvestmentDaoDeploymentBase._vaultFactoryData
DA:19,16
DA:22,41
FN:22,InvestmentDaoDeploymentBase._operationId
FNDA:41,InvestmentDaoDeploymentBase._operationId
DA:27,41
DA:30,32
FN:30,InvestmentDaoDeploymentBase._scheduleAndMaybeExecute
FNDA:32,InvestmentDaoDeploymentBase._scheduleAndMaybeExecute
DA:37,32
DA:38,32
DA:39,32
DA:41,32
BRDA:41,0,0,-
DA:42,0
DA:43,0
DA:47,36
FN:47,InvestmentDaoDeploymentBase._scheduleAndMaybeExecuteFromCurrentSender
FNDA:36,InvestmentDaoDeploymentBase._scheduleAndMaybeExecuteFromCurrentSender
DA:53,36
DA:54,36
DA:55,36
DA:57,36
BRDA:57,1,0,36
DA:58,36
DA:61,36
BRDA:61,2,0,35
DA:62,35
DA:63,35
DA:67,5
FN:67,InvestmentDaoDeploymentBase._executeReadyOperationFromCurrentSender
FNDA:5,InvestmentDaoDeploymentBase._executeReadyOperationFromCurrentSender
DA:71,5
DA:73,5
BRDA:73,3,0,3
DA:74,3
DA:77,2
BRDA:77,4,0,2
BRDA:77,4,1,-
DA:79,1
DA:80,1
DA:83,16
FN:83,InvestmentDaoDeploymentBase._grantGovernorTimelockRolesFromCurrentSender
FNDA:16,InvestmentDaoDeploymentBase._grantGovernorTimelockRolesFromCurrentSender
DA:84,16
BRDA:84,5,0,16
DA:85,16
DA:87,16
BRDA:87,6,0,16
DA:88,16
DA:90,16
BRDA:90,7,0,16
DA:91,16
DA:95,0
FN:95,InvestmentDaoDeploymentBase._cleanupDeployerTimelockRolesFromCurrentSender
FNDA:0,InvestmentDaoDeploymentBase._cleanupDeployerTimelockRolesFromCurrentSender
DA:96,0
BRDA:96,8,0,-
DA:97,0
DA:99,0
BRDA:99,9,0,-
DA:100,0
DA:102,0
BRDA:102,10,0,-
DA:103,0
DA:105,0
BRDA:105,11,0,-
DA:106,0
FNF:8
FNH:7
LF:45
LH:34
BRF:13
BRH:7
end_of_record
TN:
SF:script/local/SeedLocal.s.sol
DA:149,0
FN:149,SeedLocal.run
FNDA:0,SeedLocal.run
DA:150,0
BRDA:150,0,0,-
BRDA:150,0,1,-
DA:153,0
DA:154,0
DA:155,0
DA:156,0
DA:158,0
DA:159,0
DA:160,0
DA:163,0
DA:164,0
DA:179,0
DA:182,0
DA:183,0
DA:184,0
DA:185,0
DA:188,0
DA:189,0
DA:190,0
DA:191,0
DA:194,0
DA:195,0
DA:198,0
DA:199,0
DA:200,0
DA:203,0
DA:204,0
DA:205,0
DA:210,0
FN:210,SeedLocal._loadContracts
FNDA:0,SeedLocal._loadContracts
DA:212,0
DA:214,0
DA:240,0
FN:240,SeedLocal._buildParticipants
FNDA:0,SeedLocal._buildParticipants
DA:247,0
DA:248,0
DA:249,0
DA:253,0
DA:254,0
DA:256,0
DA:257,0
DA:258,0
DA:259,0
DA:260,0
DA:261,0
DA:262,0
DA:264,0
DA:265,0
DA:266,0
DA:269,0
FN:269,SeedLocal._participantFromPrivateKey
FNDA:0,SeedLocal._participantFromPrivateKey
DA:274,0
DA:279,0
FN:279,SeedLocal._fundParticipants
FNDA:0,SeedLocal._fundParticipants
DA:280,0
DA:281,0
DA:282,0
DA:283,0
DA:284,0
DA:286,0
DA:287,0
DA:288,0
DA:289,0
DA:290,0
DA:291,0
DA:292,0
DA:294,0
DA:295,0
DA:296,0
DA:300,0
FN:300,SeedLocal._loadOrDeploySecondaryToken
FNDA:0,SeedLocal._loadOrDeploySecondaryToken
DA:301,0
BRDA:301,1,0,-
DA:302,0
DA:303,0
DA:305,0
BRDA:305,2,0,-
DA:306,0
DA:310,0
DA:311,0
DA:312,0
DA:315,0
FN:315,SeedLocal._loadOrDeployUsdcToken
FNDA:0,SeedLocal._loadOrDeployUsdcToken
DA:316,0
BRDA:316,3,0,-
DA:317,0
DA:318,0
BRDA:318,4,0,-
DA:319,0
DA:321,0
BRDA:321,5,0,-
DA:322,0
DA:327,0
DA:328,0
DA:329,0
DA:332,0
FN:332,SeedLocal._stringContains
FNDA:0,SeedLocal._stringContains
DA:333,0
DA:334,0
DA:336,0
BRDA:336,6,0,-
DA:337,0
DA:340,0
DA:341,0
DA:342,0
DA:343,0
BRDA:343,7,0,-
DA:344,0
DA:345,0
DA:349,0
BRDA:349,8,0,-
DA:350,0
DA:354,0
DA:357,0
FN:357,SeedLocal._configureAdditionalAssets
FNDA:0,SeedLocal._configureAdditionalAssets
DA:365,0
DA:366,0
DA:367,0
DA:368,0
DA:370,0
DA:371,0
DA:372,0
BRDA:372,9,0,-
DA:373,0
DA:376,0
DA:377,0
DA:378,0
DA:379,0
DA:389,0
DA:393,0
DA:400,0
FN:400,SeedLocal._mintSeedAssets
FNDA:0,SeedLocal._mintSeedAssets
DA:407,0
DA:408,0
DA:409,0
DA:411,0
DA:417,0
DA:418,0
DA:425,0
DA:430,0
FN:430,SeedLocal._activateGuardians
FNDA:0,SeedLocal._activateGuardians
DA:435,0
DA:443,0
DA:451,0
DA:461,0
FN:461,SeedLocal._activateGuardian
FNDA:0,SeedLocal._activateGuardian
DA:469,0
DA:471,0
BRDA:471,10,0,-
DA:472,0
DA:475,0
BRDA:475,11,0,-
DA:478,0
DA:480,0
BRDA:480,12,0,-
DA:481,0
DA:482,0
DA:485,0
DA:491,0
DA:493,0
DA:494,0
DA:495,0
DA:496,0
DA:499,0
DA:501,0
DA:504,0
FN:504,SeedLocal._approveGuardianViaTimelock
FNDA:0,SeedLocal._approveGuardianViaTimelock
DA:510,0
DA:511,0
DA:512,0
DA:514,0
DA:515,0
DA:517,0
DA:518,0
DA:523,0
FN:523,SeedLocal._createVaults
FNDA:0,SeedLocal._createVaults
DA:533,0
DA:542,0
DA:551,0
DA:561,0
DA:564,0
DA:567,0
DA:572,0
FN:572,SeedLocal._createVault
FNDA:0,SeedLocal._createVault
DA:581,0
DA:582,0
BRDA:582,13,0,-
DA:583,0
DA:586,0
DA:587,0
DA:588,0
DA:593,0
FN:593,SeedLocal._seedEconomicActivity
FNDA:0,SeedLocal._seedEconomicActivity
DA:600,0
DA:603,0
DA:607,0
DA:610,0
DA:613,0
DA:620,0
FN:620,SeedLocal._mintAndDelegateGovernanceActors
FNDA:0,SeedLocal._mintAndDelegateGovernanceActors
DA:626,0
DA:627,0
DA:628,0
DA:629,0
DA:630,0
DA:631,0
DA:632,0
DA:633,0
DA:634,0
DA:635,0
DA:636,0
DA:637,0
DA:639,0
DA:640,0
DA:641,0
DA:642,0
DA:643,0
DA:644,0
DA:645,0
DA:646,0
DA:647,0
DA:648,0
DA:650,0
DA:654,0
FN:654,SeedLocal._delegateVotes
FNDA:0,SeedLocal._delegateVotes
DA:655,0
DA:656,0
DA:657,0
DA:663,0
FN:663,SeedLocal._seedProposalStates
FNDA:0,SeedLocal._seedProposalStates
DA:669,0
DA:672,0
DA:679,0
DA:681,0
DA:688,0
DA:689,0
DA:691,0
DA:698,0
DA:699,0
DA:700,0
DA:701,0
DA:703,0
DA:710,0
DA:711,0
DA:712,0
DA:713,0
DA:714,0
DA:716,0
DA:723,0
DA:724,0
DA:725,0
DA:726,0
DA:727,0
DA:728,0
DA:730,0
DA:737,0
DA:738,0
DA:740,0
DA:750,0
FN:750,SeedLocal._createProposal
FNDA:0,SeedLocal._createProposal
DA:757,0
DA:758,0
DA:759,0
DA:760,0
DA:761,0
DA:763,0
DA:764,0
DA:765,0
DA:767,0
DA:768,0
DA:769,0
DA:773,0
FN:773,SeedLocal._cancelProposal
FNDA:0,SeedLocal._cancelProposal
DA:774,0
DA:775,0
DA:776,0
DA:780,0
FN:780,SeedLocal._queueProposal
FNDA:0,SeedLocal._queueProposal
DA:781,0
DA:782,0
DA:783,0
DA:787,0
FN:787,SeedLocal._executeProposal
FNDA:0,SeedLocal._executeProposal
DA:788,0
DA:789,0
DA:790,0
DA:794,0
FN:794,SeedLocal._vote
FNDA:0,SeedLocal._vote
DA:801,0
DA:802,0
DA:803,0
DA:807,0
FN:807,SeedLocal._advanceToActive
FNDA:0,SeedLocal._advanceToActive
DA:809,0
DA:810,0
BRDA:810,14,0,-
DA:811,0
DA:817,0
FN:817,SeedLocal._advancePastDeadline
FNDA:0,SeedLocal._advancePastDeadline
DA:818,0
DA:819,0
BRDA:819,15,0,-
DA:820,0
DA:825,0
FN:825,SeedLocal._advanceBlocks
FNDA:0,SeedLocal._advanceBlocks
DA:826,0
BRDA:826,16,0,-
DA:827,0
DA:832,0
DA:834,0
DA:835,0
DA:836,0
DA:837,0
DA:838,0
BRDA:838,17,0,-
BRDA:838,17,1,-
DA:841,0
DA:842,0
DA:847,0
FN:847,SeedLocal._grantGovernorTimelockRoles
FNDA:0,SeedLocal._grantGovernorTimelockRoles
DA:851,0
DA:853,0
BRDA:853,18,0,-
DA:854,0
DA:856,0
BRDA:856,19,0,-
DA:857,0
DA:859,0
BRDA:859,20,0,-
DA:860,0
DA:863,0
DA:868,0
FN:868,SeedLocal._grantAdminWalletFullAccess
FNDA:0,SeedLocal._grantAdminWalletFullAccess
DA:884,0
DA:887,0
DA:888,0
DA:889,0
DA:891,0
DA:899,0
DA:903,0
DA:906,0
DA:915,0
DA:918,0
DA:921,0
DA:925,0
DA:928,0
DA:931,0
DA:935,0
DA:943,0
DA:952,0
DA:955,0
DA:959,0
DA:967,0
DA:976,0
DA:984,0
DA:988,0
DA:992,0
DA:996,0
FN:996,SeedLocal._grantVaultRolesToAdmin
FNDA:0,SeedLocal._grantVaultRolesToAdmin
DA:999,0
DA:1002,0
DA:1003,0
DA:1011,0
FN:1011,SeedLocal._grantRoleViaTimelock
FNDA:0,SeedLocal._grantRoleViaTimelock
DA:1020,0
BRDA:1020,21,0,-
DA:1021,0
DA:1024,0
DA:1025,0
DA:1035,0
FN:1035,SeedLocal._scheduleAndExecuteTimelockCall
FNDA:0,SeedLocal._scheduleAndExecuteTimelockCall
DA:1043,0
DA:1044,0
DA:1046,0
DA:1047,0
DA:1048,0
DA:1049,0
DA:1053,0
FN:1053,SeedLocal._hasRole
FNDA:0,SeedLocal._hasRole
DA:1054,0
DA:1055,0
DA:1057,0
BRDA:1057,22,0,-
DA:1058,0
DA:1061,0
DA:1065,0
FN:1065,SeedLocal._checkAdminWalletCoverage
FNDA:0,SeedLocal._checkAdminWalletCoverage
DA:1069,0
BRDA:1069,23,0,-
BRDA:1069,23,1,-
DA:1070,0
BRDA:1070,24,0,-
BRDA:1070,24,1,-
DA:1071,0
BRDA:1071,25,0,-
BRDA:1071,25,1,-
DA:1072,0
BRDA:1072,26,0,-
BRDA:1072,26,1,-
DA:1073,0
BRDA:1073,27,0,-
BRDA:1073,27,1,-
DA:1080,0
FN:1080,SeedLocal._fundAccount
FNDA:0,SeedLocal._fundAccount
DA:1081,0
DA:1082,0
DA:1083,0
DA:1084,0
BRDA:1084,28,0,-
BRDA:1084,28,1,-
DA:1088,0
FN:1088,SeedLocal._mintToken
FNDA:0,SeedLocal._mintToken
DA:1089,0
DA:1090,0
DA:1091,0
DA:1095,0
FN:1095,SeedLocal._buyGovernanceForInvestor
FNDA:0,SeedLocal._buyGovernanceForInvestor
DA:1101,0
DA:1102,0
DA:1103,0
DA:1104,0
DA:1108,0
FN:1108,SeedLocal._depositToVault
FNDA:0,SeedLocal._depositToVault
DA:1109,0
DA:1110,0
DA:1111,0
DA:1112,0
DA:1115,0
FN:1115,SeedLocal._validateSeed
FNDA:0,SeedLocal._validateSeed
DA:1124,0
DA:1125,0
DA:1126,0
DA:1127,0
DA:1129,0
BRDA:1129,29,0,-
BRDA:1129,29,1,-
DA:1130,0
BRDA:1130,30,0,-
BRDA:1130,30,1,-
DA:1131,0
BRDA:1131,31,0,-
BRDA:1131,31,1,-
DA:1132,0
BRDA:1132,32,0,-
BRDA:1132,32,1,-
DA:1133,0
BRDA:1133,33,0,-
BRDA:1133,33,1,-
DA:1135,0
BRDA:1135,34,0,-
BRDA:1135,34,1,-
DA:1136,0
BRDA:1136,35,0,-
BRDA:1136,35,1,-
DA:1137,0
BRDA:1137,36,0,-
BRDA:1137,36,1,-
DA:1139,0
BRDA:1139,37,0,-
BRDA:1139,37,1,-
DA:1140,0
BRDA:1140,38,0,-
BRDA:1140,38,1,-
DA:1141,0
BRDA:1141,39,0,-
BRDA:1141,39,1,-
DA:1146,0
BRDA:1146,40,0,-
BRDA:1146,40,1,-
DA:1147,0
BRDA:1147,41,0,-
BRDA:1147,41,1,-
DA:1148,0
BRDA:1148,42,0,-
BRDA:1148,42,1,-
DA:1150,0
BRDA:1150,43,0,-
BRDA:1150,43,1,-
DA:1156,0
BRDA:1156,44,0,-
BRDA:1156,44,1,-
DA:1159,0
BRDA:1159,45,0,-
BRDA:1159,45,1,-
DA:1162,0
BRDA:1162,46,0,-
BRDA:1162,46,1,-
DA:1166,0
BRDA:1166,47,0,-
BRDA:1166,47,1,-
DA:1170,0
BRDA:1170,48,0,-
BRDA:1170,48,1,-
DA:1174,0
BRDA:1174,49,0,-
BRDA:1174,49,1,-
DA:1177,0
BRDA:1177,50,0,-
BRDA:1177,50,1,-
DA:1182,0
BRDA:1182,51,0,-
BRDA:1182,51,1,-
DA:1189,0
FN:1189,SeedLocal._logSeed
FNDA:0,SeedLocal._logSeed
DA:1197,0
DA:1199,0
DA:1200,0
DA:1201,0
DA:1202,0
DA:1203,0
DA:1204,0
DA:1205,0
DA:1206,0
DA:1207,0
DA:1208,0
DA:1209,0
DA:1210,0
DA:1211,0
DA:1212,0
DA:1213,0
DA:1214,0
DA:1215,0
DA:1216,0
DA:1217,0
DA:1218,0
DA:1219,0
DA:1220,0
DA:1221,0
DA:1222,0
DA:1223,0
DA:1224,0
DA:1225,0
DA:1226,0
DA:1227,0
DA:1228,0
DA:1229,0
DA:1235,0
FN:1235,SeedLocal._writeSeedJson
FNDA:0,SeedLocal._writeSeedJson
DA:1243,0
BRDA:1243,52,0,-
DA:1244,0
DA:1247,0
DA:1248,0
DA:1249,0
DA:1250,0
DA:1252,0
DA:1253,0
DA:1254,0
DA:1255,0
DA:1256,0
DA:1257,0
DA:1259,0
DA:1260,0
DA:1261,0
DA:1262,0
DA:1263,0
DA:1265,0
DA:1301,0
DA:1306,0
FN:1306,SeedLocal._guardiansJson
FNDA:0,SeedLocal._guardiansJson
DA:1307,0
DA:1324,0
FN:1324,SeedLocal._vaultsByGuardianJson
FNDA:0,SeedLocal._vaultsByGuardianJson
DA:1329,0
DA:1346,0
FN:1346,SeedLocal._proposalIdsByStateJson
FNDA:0,SeedLocal._proposalIdsByStateJson
DA:1347,0
DA:1376,0
FN:1376,SeedLocal._guardianApplicationProposalIdsJson
FNDA:0,SeedLocal._guardianApplicationProposalIdsJson
DA:1381,0
DA:1399,0
FN:1399,SeedLocal._addressArrayToJson
FNDA:0,SeedLocal._addressArrayToJson
DA:1400,0
DA:1402,0
DA:1403,0
BRDA:1403,53,0,-
DA:1404,0
DA:1406,0
DA:1409,0
FNF:46
FNH:0
LF:451
LH:0
BRF:85
BRH:0
end_of_record
TN:
SF:test/helpers/DeployInvestmentDaoHarness.sol
DA:11,16
FN:11,DeployInvestmentDaoHarness.deployForTest
FNDA:16,DeployInvestmentDaoHarness.deployForTest
DA:31,16
DA:32,16
DA:34,16
DA:35,16
DA:36,16
DA:38,16
DA:39,16
DA:40,16
DA:41,16
DA:42,16
DA:44,16
FNF:1
FNH:1
LF:12
LH:12
BRF:0
BRH:0
end_of_record
TN:
SF:test/helpers/InvestmentDaoBootstrapHarness.sol
DA:8,4
FN:8,InvestmentDaoBootstrapHarness.scheduleFromCurrentSender
FNDA:4,InvestmentDaoBootstrapHarness.scheduleFromCurrentSender
DA:12,4
DA:15,5
FN:15,InvestmentDaoBootstrapHarness.executeReadyFromCurrentSender
FNDA:5,InvestmentDaoBootstrapHarness.executeReadyFromCurrentSender
DA:19,5
DA:22,4
FN:22,InvestmentDaoBootstrapHarness.vaultFactorySalt
FNDA:4,InvestmentDaoBootstrapHarness.vaultFactorySalt
DA:23,4
FNF:3
FNH:3
LF:6
LH:6
BRF:0
BRH:0
end_of_record
TN:
SF:test/mocks/MockAavePool.sol
DA:13,0
FN:13,MockAavePool.supply
FNDA:0,MockAavePool.supply
DA:21,0
BRDA:21,0,0,-
BRDA:21,0,1,-
DA:23,0
DA:25,0
DA:27,0
DA:30,0
FN:30,MockAavePool.withdraw
FNDA:0,MockAavePool.withdraw
DA:31,0
DA:32,0
BRDA:32,1,0,-
BRDA:32,1,1,-
DA:34,0
DA:36,0
DA:38,0
DA:40,0
DA:43,0
FN:43,MockAavePool.getUserAccountData
FNDA:0,MockAavePool.getUserAccountData
DA:58,0
FNF:3
FNH:0
LF:14
LH:0
BRF:4
BRH:0
end_of_record
TN:
SF:test/mocks/MockCompoundComet.sol
DA:16,0
FN:16,MockCompoundComet.supply
FNDA:0,MockCompoundComet.supply
DA:17,0
BRDA:17,0,0,-
BRDA:17,0,1,-
DA:19,0
DA:20,0
DA:22,0
DA:25,0
FN:25,MockCompoundComet.withdrawTo
FNDA:0,MockCompoundComet.withdrawTo
DA:26,0
BRDA:26,1,0,-
BRDA:26,1,1,-
DA:28,0
DA:29,0
BRDA:29,2,0,-
BRDA:29,2,1,-
DA:31,0
DA:32,0
DA:34,0
DA:37,0
FN:37,MockCompoundComet.balanceOf
FNDA:0,MockCompoundComet.balanceOf
DA:44,0
FNF:3
FNH:0
LF:14
LH:0
BRF:6
BRH:0
end_of_record
TN:
SF:test/mocks/MockERC20.sol
DA:9,32
FN:9,MockERC20.constructor
FNDA:32,MockERC20.constructor
DA:10,32
DA:13,16
FN:13,MockERC20.decimals
FNDA:16,MockERC20.decimals
DA:14,16
DA:17,0
FN:17,MockERC20.mint
FNDA:0,MockERC20.mint
DA:18,0
FNF:3
FNH:2
LF:6
LH:4
BRF:0
BRH:0
end_of_record
TN:
SF:test/mocks/MockV3AggregatorLocal.sol
DA:13,16
FN:13,MockV3AggregatorLocal.constructor
FNDA:16,MockV3AggregatorLocal.constructor
DA:14,16
DA:15,16
DA:16,16
DA:19,0
FN:19,MockV3AggregatorLocal.latestAnswer
FNDA:0,MockV3AggregatorLocal.latestAnswer
DA:20,0
DA:23,0
FN:23,MockV3AggregatorLocal.latestTimestamp
FNDA:0,MockV3AggregatorLocal.latestTimestamp
DA:24,0
DA:27,0
FN:27,MockV3AggregatorLocal.latestRound
FNDA:0,MockV3AggregatorLocal.latestRound
DA:28,0
DA:31,0
FN:31,MockV3AggregatorLocal.getAnswer
FNDA:0,MockV3AggregatorLocal.getAnswer
DA:32,0
DA:35,0
FN:35,MockV3AggregatorLocal.getTimestamp
FNDA:0,MockV3AggregatorLocal.getTimestamp
DA:36,0
DA:39,0
FN:39,MockV3AggregatorLocal.decimals
FNDA:0,MockV3AggregatorLocal.decimals
DA:40,0
DA:43,0
FN:43,MockV3AggregatorLocal.description
FNDA:0,MockV3AggregatorLocal.description
DA:44,0
DA:47,0
FN:47,MockV3AggregatorLocal.version
FNDA:0,MockV3AggregatorLocal.version
DA:48,0
DA:51,0
FN:51,MockV3AggregatorLocal.getRoundData
FNDA:0,MockV3AggregatorLocal.getRoundData
DA:57,0
DA:58,0
DA:59,0
DA:60,0
DA:61,0
DA:64,0
FN:64,MockV3AggregatorLocal.latestRoundData
FNDA:0,MockV3AggregatorLocal.latestRoundData
DA:70,0
DA:71,0
DA:72,0
DA:73,0
DA:74,0
DA:77,0
FN:77,MockV3AggregatorLocal.setAnswer
FNDA:0,MockV3AggregatorLocal.setAnswer
DA:78,0
DA:79,0
DA:82,0
FN:82,MockV3AggregatorLocal.setDecimals
FNDA:0,MockV3AggregatorLocal.setDecimals
DA:83,0
FNF:13
FNH:1
LF:37
LH:4
BRF:0
BRH:0
end_of_record
