TN:
SF:contracts/adapters/aave/AaveV3Adapter.sol
DA:58,0
FN:58,AaveV3Adapter.onlyRouter
FNDA:0,AaveV3Adapter.onlyRouter
DA:59,0
BRDA:59,0,0,-
DA:73,16
FN:73,AaveV3Adapter.constructor
FNDA:16,AaveV3Adapter.constructor
DA:74,16
BRDA:74,1,0,-
DA:75,0
DA:78,16
DA:79,16
DA:87,0
FN:87,AaveV3Adapter.execute
FNDA:0,AaveV3Adapter.execute
DA:88,0
BRDA:88,2,0,-
DA:89,0
BRDA:89,3,0,-
DA:91,0
BRDA:91,4,0,-
DA:92,0
DA:95,0
DA:97,0
BRDA:97,5,0,-
BRDA:97,5,1,-
DA:98,0
DA:100,0
DA:103,0
DA:111,0
FN:111,AaveV3Adapter.totalAssets
FNDA:0,AaveV3Adapter.totalAssets
DA:112,0
DA:116,0
FN:116,AaveV3Adapter.poolAddress
FNDA:0,AaveV3Adapter.poolAddress
DA:117,0
DA:128,0
FN:128,AaveV3Adapter._deposit
FNDA:0,AaveV3Adapter._deposit
DA:129,0
DA:131,0
DA:139,0
FN:139,AaveV3Adapter._withdraw
FNDA:0,AaveV3Adapter._withdraw
DA:140,0
FNF:7
FNH:1
LF:26
LH:4
BRF:7
BRH:0
end_of_record
TN:
SF:contracts/adapters/compound/CompoundV3Adapter.sol
DA:56,0
FN:56,CompoundV3Adapter.onlyRouter
FNDA:0,CompoundV3Adapter.onlyRouter
DA:57,0
BRDA:57,0,0,-
DA:71,16
FN:71,CompoundV3Adapter.constructor
FNDA:16,CompoundV3Adapter.constructor
DA:72,16
BRDA:72,1,0,-
DA:73,0
DA:76,16
DA:77,16
DA:85,0
FN:85,CompoundV3Adapter.execute
FNDA:0,CompoundV3Adapter.execute
DA:86,0
BRDA:86,2,0,-
DA:87,0
BRDA:87,3,0,-
DA:89,0
BRDA:89,4,0,-
DA:90,0
DA:93,0
DA:95,0
BRDA:95,5,0,-
BRDA:95,5,1,-
DA:96,0
DA:98,0
DA:101,0
DA:109,0
FN:109,CompoundV3Adapter.totalAssets
FNDA:0,CompoundV3Adapter.totalAssets
DA:110,0
DA:114,0
FN:114,CompoundV3Adapter.poolAddress
FNDA:0,CompoundV3Adapter.poolAddress
DA:115,0
DA:126,0
FN:126,CompoundV3Adapter._deposit
FNDA:0,CompoundV3Adapter._deposit
DA:127,0
DA:129,0
DA:137,0
FN:137,CompoundV3Adapter._withdraw
FNDA:0,CompoundV3Adapter._withdraw
DA:138,0
FNF:7
FNH:1
LF:26
LH:4
BRF:7
BRH:0
end_of_record
TN:
SF:contracts/bootstrap/GenesisBonding.sol
DA:96,16
FN:96,GenesisBonding.constructor
FNDA:16,GenesisBonding.constructor
DA:104,16
BRDA:104,0,0,-
DA:105,16
BRDA:105,1,0,-
DA:106,16
BRDA:106,2,0,-
DA:107,16
BRDA:107,3,0,-
DA:108,16
BRDA:108,4,0,-
DA:109,16
DA:111,16
DA:112,16
DA:113,16
DA:115,16
DA:116,16
DA:125,0
FN:125,GenesisBonding.sweep
FNDA:0,GenesisBonding.sweep
DA:126,0
BRDA:126,5,0,-
DA:127,0
DA:130,0
BRDA:130,6,0,-
DA:132,0
DA:134,0
BRDA:134,7,0,-
DA:135,0
DA:137,0
DA:144,0
FN:144,GenesisBonding.buy
FNDA:0,GenesisBonding.buy
DA:145,0
BRDA:145,8,0,-
DA:146,0
BRDA:146,9,0,-
DA:147,0
BRDA:147,10,0,-
DA:148,0
BRDA:148,11,0,-
DA:149,0
DA:152,0
DA:153,0
DA:155,0
DA:156,0
DA:158,0
DA:162,0
FN:162,GenesisBonding.finalize
FNDA:0,GenesisBonding.finalize
DA:163,0
BRDA:163,12,0,-
DA:165,0
DA:167,0
DA:169,0
DA:170,0
DA:173,0
DA:174,0
DA:175,0
DA:177,0
DA:182,0
FN:182,GenesisBonding.setPurchaseTokens
FNDA:0,GenesisBonding.setPurchaseTokens
DA:183,0
DA:192,16
FN:192,GenesisBonding._setPurchaseTokens
FNDA:16,GenesisBonding._setPurchaseTokens
DA:193,16
DA:195,16
DA:196,16
BRDA:196,13,0,-
DA:198,16
FNF:6
FNH:2
LF:48
LH:17
BRF:14
BRH:0
end_of_record
TN:
SF:contracts/core/ProtocolCore.sol
DA:74,16
FN:74,ProtocolCore.constructor
FNDA:16,ProtocolCore.constructor
DA:75,0
DA:87,16
FN:87,ProtocolCore.initialize
FNDA:16,ProtocolCore.initialize
DA:93,16
BRDA:93,0,0,-
DA:94,0
DA:96,0
DA:98,16
DA:99,16
DA:100,16
DA:101,16
DA:103,16
DA:104,16
DA:110,0
FN:110,ProtocolCore.setSupportedVaultAsset
FNDA:0,ProtocolCore.setSupportedVaultAsset
DA:111,0
DA:117,1
FN:117,ProtocolCore.isVaultAssetSupported
FNDA:1,ProtocolCore.isVaultAssetSupported
DA:118,1
DA:122,0
FN:122,ProtocolCore.pauseVaultCreation
FNDA:0,ProtocolCore.pauseVaultCreation
DA:123,0
DA:124,0
DA:128,0
FN:128,ProtocolCore.pauseVaultDeposits
FNDA:0,ProtocolCore.pauseVaultDeposits
DA:129,0
DA:130,0
DA:134,0
FN:134,ProtocolCore.unpauseVaultCreation
FNDA:0,ProtocolCore.unpauseVaultCreation
DA:135,0
DA:136,0
DA:140,0
FN:140,ProtocolCore.unpauseVaultDeposits
FNDA:0,ProtocolCore.unpauseVaultDeposits
DA:141,0
DA:142,0
DA:148,0
FN:148,ProtocolCore.hasGenesisToken
FNDA:0,ProtocolCore.hasGenesisToken
DA:149,0
DA:154,2
FN:154,ProtocolCore.getSupportedGenesisTokens
FNDA:2,ProtocolCore.getSupportedGenesisTokens
DA:155,2
DA:160,0
FN:160,ProtocolCore.getTimelockMinDelay
FNDA:0,ProtocolCore.getTimelockMinDelay
DA:161,0
DA:170,0
FN:170,ProtocolCore.setSupportedGenesisTokens
FNDA:0,ProtocolCore.setSupportedGenesisTokens
DA:171,0
DA:180,16
FN:180,ProtocolCore._setSupportedGenesisTokens
FNDA:16,ProtocolCore._setSupportedGenesisTokens
DA:181,16
DA:183,16
DA:184,16
BRDA:184,1,0,-
DA:185,16
DA:192,16
FN:192,ProtocolCore._setSupportedVaultToken
FNDA:16,ProtocolCore._setSupportedVaultToken
DA:193,16
BRDA:193,2,0,-
DA:194,16
DA:195,16
DA:203,0
FN:203,ProtocolCore._authorizeUpgrade
FNDA:0,ProtocolCore._authorizeUpgrade
FNF:15
FNH:6
LF:46
LH:22
BRF:3
BRH:0
end_of_record
TN:
SF:contracts/core/Treasury.sol
DA:77,16
FN:77,Treasury.constructor
FNDA:16,Treasury.constructor
DA:78,16
BRDA:78,0,0,-
DA:79,16
DA:80,16
DA:88,0
FN:88,Treasury.receive
FNDA:0,Treasury.receive
DA:89,0
DA:98,0
FN:98,Treasury.setProtocolCore
FNDA:0,Treasury.setProtocolCore
DA:99,0
DA:106,0
FN:106,Treasury.withdrawDaoERC20
FNDA:0,Treasury.withdrawDaoERC20
DA:111,0
BRDA:111,1,0,-
DA:112,0
DA:115,0
BRDA:115,2,0,-
DA:116,0
DA:119,0
BRDA:119,3,0,-
DA:121,0
DA:123,0
DA:130,0
FN:130,Treasury.withdrawNotAssetDaoERC20
FNDA:0,Treasury.withdrawNotAssetDaoERC20
DA:135,0
BRDA:135,4,0,-
DA:136,0
DA:139,0
BRDA:139,5,0,-
DA:140,0
DA:143,0
BRDA:143,6,0,-
DA:145,0
DA:147,0
DA:153,0
FN:153,Treasury.withdrawDaoNative
FNDA:0,Treasury.withdrawDaoNative
DA:154,0
BRDA:154,7,0,-
DA:155,0
BRDA:155,8,0,-
DA:156,0
BRDA:156,9,0,-
DA:157,0
DA:160,0
DA:162,0
DA:171,0
FN:171,Treasury.nativeBalance
FNDA:0,Treasury.nativeBalance
DA:172,0
DA:178,0
FN:178,Treasury.erc20Balance
FNDA:0,Treasury.erc20Balance
DA:179,0
BRDA:179,10,0,-
DA:180,0
FNF:8
FNH:1
LF:36
LH:4
BRF:11
BRH:0
end_of_record
TN:
SF:contracts/execution/RiskManager.sol
DA:116,16
FN:116,RiskManager.constructor
FNDA:16,RiskManager.constructor
DA:117,0
DA:127,16
FN:127,RiskManager.initialize
FNDA:16,RiskManager.initialize
DA:128,16
BRDA:128,0,0,-
DA:129,0
DA:132,0
DA:134,16
DA:135,16
DA:136,16
DA:147,1
FN:147,RiskManager.setAssetConfig
FNDA:1,RiskManager.setAssetConfig
DA:156,1
BRDA:156,1,0,-
DA:157,0
DA:160,1
BRDA:160,2,0,-
DA:162,1
BRDA:162,3,0,1
BRDA:162,3,1,-
DA:163,1
BRDA:163,4,0,-
DA:164,0
DA:166,1
BRDA:166,5,0,-
DA:167,0
DA:169,1
BRDA:169,6,0,-
DA:170,0
DA:173,0
BRDA:173,7,0,-
DA:174,0
DA:178,1
DA:187,1
DA:191,0
FN:191,RiskManager.pauseAdapterExecution
FNDA:0,RiskManager.pauseAdapterExecution
DA:192,0
DA:193,0
DA:197,0
FN:197,RiskManager.unpauseAdapterExecution
FNDA:0,RiskManager.unpauseAdapterExecution
DA:198,0
DA:199,0
DA:205,1
FN:205,RiskManager.getAssetConfig
FNDA:1,RiskManager.getAssetConfig
DA:206,1
DA:217,0
FN:217,RiskManager.getAssetConfigFields
FNDA:0,RiskManager.getAssetConfigFields
DA:229,0
DA:230,0
DA:245,0
FN:245,RiskManager.validateExecution
FNDA:0,RiskManager.validateExecution
DA:246,0
BRDA:246,8,0,-
DA:248,0
DA:249,0
BRDA:249,9,0,-
DA:250,0
BRDA:250,10,0,-
DA:252,0
DA:254,0
BRDA:254,11,0,-
DA:255,0
DA:256,0
DA:258,0
BRDA:258,12,0,-
DA:259,0
DA:265,0
FN:265,RiskManager.getValidatedPrice
FNDA:0,RiskManager.getValidatedPrice
DA:266,0
DA:267,0
BRDA:267,13,0,-
DA:268,0
BRDA:268,14,0,-
DA:270,0
DA:274,0
FN:274,RiskManager.isAssetHealthy
FNDA:0,RiskManager.isAssetHealthy
DA:275,0
BRDA:275,15,0,-
DA:277,0
DA:278,0
BRDA:278,16,0,-
DA:280,0
BRDA:280,17,0,-
DA:281,0
BRDA:281,18,0,-
DA:283,0
DA:284,0
DA:286,0
DA:287,0
BRDA:287,17,1,-
DA:288,0
DA:299,0
FN:299,RiskManager._validatedPrice
FNDA:0,RiskManager._validatedPrice
DA:300,0
DA:301,0
DA:303,0
BRDA:303,19,0,-
DA:305,0
BRDA:305,20,0,-
DA:306,0
BRDA:306,21,0,-
DA:307,0
BRDA:307,22,0,-
DA:308,0
DA:311,0
DA:314,0
DA:316,0
BRDA:316,23,0,-
BRDA:316,23,1,-
DA:317,0
DA:318,0
BRDA:318,24,0,-
BRDA:318,24,1,-
DA:319,0
DA:321,0
DA:324,0
BRDA:324,25,0,-
DA:328,0
FN:328,RiskManager._authorizeUpgrade
FNDA:0,RiskManager._authorizeUpgrade
FNF:12
FNH:4
LF:79
LH:17
BRF:30
BRH:1
end_of_record
TN:
SF:contracts/execution/StrategyRouter.sol
DA:90,16
FN:90,StrategyRouter.constructor
FNDA:16,StrategyRouter.constructor
DA:91,0
DA:102,16
FN:102,StrategyRouter.initialize
FNDA:16,StrategyRouter.initialize
DA:106,16
BRDA:106,0,0,-
DA:107,0
DA:110,0
DA:112,16
DA:113,16
DA:115,16
DA:116,16
DA:122,2
FN:122,StrategyRouter.setAdapterAllowed
FNDA:2,StrategyRouter.setAdapterAllowed
DA:123,2
BRDA:123,1,0,-
DA:125,2
BRDA:125,2,0,2
BRDA:125,2,1,-
DA:126,2
DA:128,0
DA:131,2
DA:139,2
FN:139,StrategyRouter.isAdapterAllowed
FNDA:2,StrategyRouter.isAdapterAllowed
DA:140,2
DA:144,0
FN:144,StrategyRouter.getAllowedAdapters
FNDA:0,StrategyRouter.getAllowedAdapters
DA:145,0
DA:150,0
FN:150,StrategyRouter.setRiskManager
FNDA:0,StrategyRouter.setRiskManager
DA:151,0
BRDA:151,3,0,-
DA:153,0
DA:154,0
DA:156,0
DA:164,0
FN:164,StrategyRouter.executeMultiple
FNDA:0,StrategyRouter.executeMultiple
DA:171,0
BRDA:171,4,0,-
DA:173,0
DA:175,0
BRDA:175,5,0,-
DA:176,0
DA:179,0
DA:181,0
DA:182,0
DA:184,0
DA:186,0
DA:187,0
BRDA:187,6,0,-
DA:188,0
DA:193,0
DA:194,0
DA:196,0
BRDA:196,7,0,-
DA:198,0
DA:201,0
DA:205,0
FN:205,StrategyRouter.divestMultiple
FNDA:0,StrategyRouter.divestMultiple
DA:209,0
BRDA:209,8,0,-
DA:211,0
DA:213,0
BRDA:213,9,0,-
DA:214,0
DA:217,0
BRDA:217,10,0,-
DA:219,0
BRDA:219,11,0,-
DA:220,0
DA:223,0
DA:224,0
DA:226,0
DA:228,0
DA:230,0
BRDA:230,12,0,-
DA:232,0
DA:235,0
DA:245,0
FN:245,StrategyRouter._validateVaultAndRisk
FNDA:0,StrategyRouter._validateVaultAndRisk
DA:246,0
BRDA:246,13,0,-
DA:247,0
DA:250,0
BRDA:250,14,0,-
DA:251,0
DA:254,0
BRDA:254,15,0,-
DA:255,0
DA:258,0
DA:263,0
FN:263,StrategyRouter._validateAdapter
FNDA:0,StrategyRouter._validateAdapter
DA:264,0
BRDA:264,16,0,-
DA:266,0
BRDA:266,17,0,-
DA:267,0
DA:272,0
FN:272,StrategyRouter._authorizeUpgrade
FNDA:0,StrategyRouter._authorizeUpgrade
FNF:11
FNH:4
LF:70
LH:14
BRF:19
BRH:1
end_of_record
TN:
SF:contracts/governance/DaoGovernor.sol
DA:54,16
FN:54,DaoGovernor.constructor
FNDA:16,DaoGovernor.constructor
DA:66,16
DA:67,16
DA:68,16
DA:76,0
FN:76,DaoGovernor.votingDelay
FNDA:0,DaoGovernor.votingDelay
DA:77,0
DA:81,0
FN:81,DaoGovernor.votingPeriod
FNDA:0,DaoGovernor.votingPeriod
DA:82,0
DA:86,0
FN:86,DaoGovernor.state
FNDA:0,DaoGovernor.state
DA:87,0
DA:91,17
FN:91,DaoGovernor.proposalThreshold
FNDA:17,DaoGovernor.proposalThreshold
DA:92,17
DA:96,0
FN:96,DaoGovernor.proposalNeedsQueuing
FNDA:0,DaoGovernor.proposalNeedsQueuing
DA:102,0
DA:110,0
FN:110,DaoGovernor._propose
FNDA:0,DaoGovernor._propose
DA:117,0
DA:121,0
FN:121,DaoGovernor._queueOperations
FNDA:0,DaoGovernor._queueOperations
DA:128,0
DA:132,0
FN:132,DaoGovernor._executeOperations
FNDA:0,DaoGovernor._executeOperations
DA:139,0
DA:143,0
FN:143,DaoGovernor._cancel
FNDA:0,DaoGovernor._cancel
DA:149,0
DA:153,0
FN:153,DaoGovernor._executor
FNDA:0,DaoGovernor._executor
DA:154,0
FNF:11
FNH:2
LF:24
LH:6
BRF:0
BRH:0
end_of_record
TN:
SF:contracts/governance/GovernanceToken.sol
DA:56,22
FN:56,GovernanceToken.constructor
FNDA:22,GovernanceToken.constructor
DA:57,22
DA:70,19
FN:70,GovernanceToken.mint
FNDA:19,GovernanceToken.mint
DA:71,1
BRDA:71,0,0,1
DA:72,17
DA:79,3
FN:79,GovernanceToken.finishMinting
FNDA:3,GovernanceToken.finishMinting
DA:80,3
DA:81,3
DA:95,17
FN:95,GovernanceToken._update
FNDA:17,GovernanceToken._update
DA:96,17
FNF:4
FNH:4
LF:10
LH:10
BRF:1
BRH:1
end_of_record
TN:
SF:contracts/guardians/GuardianAdministrator.sol
DA:118,16
FN:118,GuardianAdministrator.onlyTimelock
FNDA:16,GuardianAdministrator.onlyTimelock
DA:119,16
BRDA:119,0,0,-
DA:120,0
DA:136,16
FN:136,GuardianAdministrator.constructor
FNDA:16,GuardianAdministrator.constructor
DA:137,16
BRDA:137,1,0,-
DA:138,0
DA:141,16
BRDA:141,2,0,-
DA:142,0
DA:145,16
BRDA:145,3,0,-
DA:146,0
DA:149,16
DA:150,16
DA:151,16
DA:160,16
FN:160,GuardianAdministrator.setBondEscrow
FNDA:16,GuardianAdministrator.setBondEscrow
DA:161,16
BRDA:161,4,0,-
DA:162,0
DA:164,16
DA:169,16
FN:169,GuardianAdministrator.selfDelegateGovernanceVotes
FNDA:16,GuardianAdministrator.selfDelegateGovernanceVotes
DA:170,16
BRDA:170,5,0,-
DA:171,0
DA:174,16
DA:176,16
DA:180,0
FN:180,GuardianAdministrator.applyGuardian
FNDA:0,GuardianAdministrator.applyGuardian
DA:181,0
BRDA:181,6,0,-
DA:182,0
DA:185,0
DA:186,0
DA:188,0
BRDA:188,7,0,-
DA:189,0
DA:192,0
DA:193,0
DA:194,0
DA:196,0
DA:198,0
DA:199,0
DA:200,0
DA:202,0
DA:203,0
DA:204,0
DA:206,0
DA:207,0
DA:209,0
DA:211,0
DA:213,0
DA:218,0
FN:218,GuardianAdministrator.guardianApprove
FNDA:0,GuardianAdministrator.guardianApprove
DA:219,0
BRDA:219,8,0,-
DA:220,0
DA:223,0
DA:225,0
BRDA:225,9,0,-
DA:226,0
DA:229,0
DA:230,0
DA:232,0
DA:237,0
FN:237,GuardianAdministrator.resolveRejectedApplication
FNDA:0,GuardianAdministrator.resolveRejectedApplication
DA:238,0
DA:240,0
BRDA:240,10,0,-
DA:241,0
DA:244,0
DA:247,0
DA:248,0
DA:249,0
BRDA:249,11,0,-
DA:250,0
DA:253,0
DA:255,0
DA:256,0
DA:258,0
BRDA:258,12,0,-
DA:259,0
DA:262,0
DA:266,0
FN:266,GuardianAdministrator.resignGuardian
FNDA:0,GuardianAdministrator.resignGuardian
DA:267,0
DA:268,0
DA:270,0
BRDA:270,13,0,-
DA:271,0
DA:274,0
DA:276,0
DA:277,0
DA:278,0
DA:280,0
BRDA:280,14,0,-
DA:281,0
DA:284,0
DA:289,0
FN:289,GuardianAdministrator.banGuardian
FNDA:0,GuardianAdministrator.banGuardian
DA:290,0
BRDA:290,15,0,-
DA:291,0
DA:294,0
DA:296,0
BRDA:296,16,0,-
DA:297,0
DA:300,0
DA:302,0
DA:303,0
DA:304,0
DA:306,0
BRDA:306,17,0,-
DA:307,0
DA:310,0
DA:315,0
FN:315,GuardianAdministrator.setMinStake
FNDA:0,GuardianAdministrator.setMinStake
DA:316,0
BRDA:316,18,0,-
DA:317,0
DA:320,0
DA:321,0
DA:323,0
DA:329,0
FN:329,GuardianAdministrator.getGuardianDetail
FNDA:0,GuardianAdministrator.getGuardianDetail
DA:330,0
DA:332,0
BRDA:332,19,0,-
DA:333,0
DA:336,0
DA:342,0
FN:342,GuardianAdministrator.getProposalState
FNDA:0,GuardianAdministrator.getProposalState
DA:343,0
DA:345,0
BRDA:345,20,0,-
DA:346,0
DA:349,0
DA:355,0
FN:355,GuardianAdministrator.isActiveGuardian
FNDA:0,GuardianAdministrator.isActiveGuardian
DA:356,0
DA:361,0
FN:361,GuardianAdministrator.totalActiveGuardians
FNDA:0,GuardianAdministrator.totalActiveGuardians
DA:362,0
FNF:14
FNH:4
LF:113
LH:16
BRF:21
BRH:0
end_of_record
TN:
SF:contracts/guardians/GuardianBondEscrow.sol
DA:84,16
FN:84,GuardianBondEscrow.constructor
FNDA:16,GuardianBondEscrow.constructor
DA:90,16
BRDA:90,0,0,-
DA:91,0
DA:93,16
BRDA:93,1,0,-
DA:94,0
DA:96,16
BRDA:96,2,0,-
DA:97,0
DA:99,16
BRDA:99,3,0,-
DA:100,0
DA:103,16
DA:104,16
DA:105,16
DA:107,16
DA:108,16
DA:117,0
FN:117,GuardianBondEscrow.setGuardianAdministrator
FNDA:0,GuardianBondEscrow.setGuardianAdministrator
DA:118,0
BRDA:118,4,0,-
DA:119,0
DA:122,0
DA:124,0
BRDA:124,5,0,-
DA:125,0
DA:128,0
DA:129,0
DA:131,0
DA:133,0
DA:137,0
FN:137,GuardianBondEscrow.lock
FNDA:0,GuardianBondEscrow.lock
DA:138,0
BRDA:138,6,0,-
DA:139,0
BRDA:139,7,0,-
DA:141,0
DA:142,0
DA:144,0
DA:148,0
FN:148,GuardianBondEscrow.refund
FNDA:0,GuardianBondEscrow.refund
DA:149,0
BRDA:149,8,0,-
DA:150,0
BRDA:150,9,0,-
DA:152,0
DA:153,0
BRDA:153,10,0,-
DA:155,0
DA:156,0
DA:158,0
DA:162,0
FN:162,GuardianBondEscrow.releaseOnResign
FNDA:0,GuardianBondEscrow.releaseOnResign
DA:163,0
BRDA:163,11,0,-
DA:164,0
BRDA:164,12,0,-
DA:166,0
DA:167,0
BRDA:167,13,0,-
DA:169,0
DA:170,0
DA:172,0
DA:176,0
FN:176,GuardianBondEscrow.slashToTreasury
FNDA:0,GuardianBondEscrow.slashToTreasury
DA:177,0
BRDA:177,14,0,-
DA:178,0
BRDA:178,15,0,-
DA:180,0
DA:181,0
BRDA:181,16,0,-
DA:183,0
DA:184,0
DA:186,0
DA:191,0
FN:191,GuardianBondEscrow.getApplicationTokenBalance
FNDA:0,GuardianBondEscrow.getApplicationTokenBalance
DA:192,0
FNF:7
FNH:1
LF:56
LH:10
BRF:17
BRH:0
end_of_record
TN:
SF:contracts/vaults/factory/VaultFactory.sol
DA:102,16
FN:102,VaultFactory.constructor
FNDA:16,VaultFactory.constructor
DA:111,16
DA:112,16
DA:113,0
BRDA:113,0,0,-
DA:114,0
DA:117,16
DA:118,16
DA:119,16
DA:120,16
DA:121,16
DA:122,16
DA:124,16
DA:135,0
FN:135,VaultFactory.makeSalt
FNDA:0,VaultFactory.makeSalt
DA:138,0
DA:139,0
DA:140,0
DA:141,0
DA:154,0
FN:154,VaultFactory.predictVaultAddress
FNDA:0,VaultFactory.predictVaultAddress
DA:159,0
DA:160,0
DA:169,0
FN:169,VaultFactory.createVault
FNDA:0,VaultFactory.createVault
DA:173,0
DA:175,0
BRDA:175,1,0,-
DA:176,0
DA:178,0
BRDA:178,2,0,-
DA:179,0
DA:181,0
BRDA:181,3,0,-
DA:182,0
DA:184,0
BRDA:184,4,0,-
DA:185,0
DA:188,0
DA:190,0
BRDA:190,5,0,-
DA:191,0
DA:194,0
DA:196,0
DA:198,0
BRDA:198,6,0,-
DA:199,0
DA:202,0
DA:204,0
BRDA:204,7,0,-
DA:205,0
DA:208,0
DA:210,0
DA:212,0
DA:220,0
FN:220,VaultFactory.isDeployed
FNDA:0,VaultFactory.isDeployed
DA:221,0
DA:222,0
DA:223,0
DA:228,0
FN:228,VaultFactory.setRouter
FNDA:0,VaultFactory.setRouter
DA:229,0
BRDA:229,8,0,-
DA:231,0
DA:232,0
DA:234,0
DA:239,0
FN:239,VaultFactory.setCore
FNDA:0,VaultFactory.setCore
DA:240,0
BRDA:240,9,0,-
DA:242,0
DA:243,0
DA:245,0
DA:250,0
FN:250,VaultFactory.setGuardianAdministrator
FNDA:0,VaultFactory.setGuardianAdministrator
DA:251,0
BRDA:251,10,0,-
DA:253,0
DA:254,0
DA:256,0
DA:261,0
FN:261,VaultFactory.setVaultRegistry
FNDA:0,VaultFactory.setVaultRegistry
DA:262,0
BRDA:262,11,0,-
DA:264,0
DA:265,0
DA:267,0
FNF:9
FNH:1
LF:67
LH:10
BRF:12
BRH:0
end_of_record
TN:
SF:contracts/vaults/implementations/VaultImplementation.sol
DA:160,16
FN:160,VaultImplementation.constructor
FNDA:16,VaultImplementation.constructor
DA:161,0
DA:177,0
FN:177,VaultImplementation.initialize
FNDA:0,VaultImplementation.initialize
DA:188,0
DA:189,0
DA:190,0
BRDA:190,0,0,-
DA:191,0
DA:194,0
BRDA:194,1,0,-
DA:196,0
DA:197,0
DA:198,0
DA:199,0
DA:201,0
DA:202,0
DA:203,0
DA:204,0
DA:206,0
DA:207,0
DA:208,0
DA:210,0
DA:215,0
FN:215,VaultImplementation.setRouter
FNDA:0,VaultImplementation.setRouter
DA:216,0
BRDA:216,2,0,-
DA:218,0
DA:220,0
DA:221,0
DA:222,0
DA:224,0
DA:229,0
FN:229,VaultImplementation.setCore
FNDA:0,VaultImplementation.setCore
DA:230,0
BRDA:230,3,0,-
DA:232,0
DA:233,0
DA:235,0
DA:239,0
FN:239,VaultImplementation.pause
FNDA:0,VaultImplementation.pause
DA:240,0
DA:244,0
FN:244,VaultImplementation.unpause
FNDA:0,VaultImplementation.unpause
DA:245,0
DA:254,0
FN:254,VaultImplementation.deposit
FNDA:0,VaultImplementation.deposit
DA:261,0
BRDA:261,4,0,-
DA:262,0
DA:265,0
DA:270,0
FN:270,VaultImplementation.mint
FNDA:0,VaultImplementation.mint
DA:277,0
BRDA:277,5,0,-
DA:278,0
DA:281,0
DA:286,0
FN:286,VaultImplementation.withdraw
FNDA:0,VaultImplementation.withdraw
DA:293,0
DA:295,0
BRDA:295,6,0,-
BRDA:295,6,1,-
DA:296,0
DA:297,0
DA:299,0
DA:301,0
DA:307,0
FN:307,VaultImplementation.redeem
FNDA:0,VaultImplementation.redeem
DA:314,0
DA:316,0
BRDA:316,7,0,-
BRDA:316,7,1,-
DA:317,0
DA:318,0
DA:320,0
DA:322,0
DA:328,0
FN:328,VaultImplementation.totalAssets
FNDA:0,VaultImplementation.totalAssets
DA:329,0
DA:331,0
DA:333,0
DA:334,0
DA:335,0
DA:347,0
FN:347,VaultImplementation.executeStrategy
FNDA:0,VaultImplementation.executeStrategy
DA:352,0
DA:356,0
FN:356,VaultImplementation.divestStrategy
FNDA:0,VaultImplementation.divestStrategy
DA:357,0
DA:361,0
FN:361,VaultImplementation.executeFromRouter
FNDA:0,VaultImplementation.executeFromRouter
DA:367,0
BRDA:367,8,0,-
DA:369,0
DA:371,0
BRDA:371,9,0,-
DA:372,0
DA:375,0
DA:377,0
DA:381,0
FN:381,VaultImplementation.approveTokenFromRouter
FNDA:0,VaultImplementation.approveTokenFromRouter
DA:386,0
BRDA:386,10,0,-
DA:387,0
DA:390,0
DA:392,0
DA:397,0
FN:397,VaultImplementation.getActiveAdapters
FNDA:0,VaultImplementation.getActiveAdapters
DA:398,0
DA:406,0
FN:406,VaultImplementation.decimals
FNDA:0,VaultImplementation.decimals
DA:407,0
DA:411,0
FN:411,VaultImplementation.supportsInterface
FNDA:0,VaultImplementation.supportsInterface
DA:412,0
DA:423,0
FN:423,VaultImplementation._executeStrategy
FNDA:0,VaultImplementation._executeStrategy
DA:424,0
DA:426,0
BRDA:426,11,0,-
DA:427,0
DA:430,0
DA:432,0
DA:434,0
DA:435,0
DA:436,0
DA:438,0
BRDA:438,12,0,-
DA:439,0
DA:442,0
DA:444,0
BRDA:444,13,0,-
DA:445,0
DA:448,0
BRDA:448,14,0,-
DA:449,0
DA:452,0
DA:455,0
DA:458,0
DA:460,0
DA:461,0
DA:463,0
DA:464,0
DA:467,0
DA:471,0
FN:471,VaultImplementation._rebalanceStrategies
FNDA:0,VaultImplementation._rebalanceStrategies
DA:472,0
DA:474,0
BRDA:474,15,0,-
DA:476,0
DA:478,0
BRDA:478,16,0,-
DA:480,0
DA:481,0
DA:483,0
DA:485,0
DA:486,0
DA:489,0
DA:493,0
FN:493,VaultImplementation._divestStrategy
FNDA:0,VaultImplementation._divestStrategy
DA:494,0
DA:496,0
BRDA:496,17,0,-
DA:498,0
DA:499,0
DA:501,0
DA:502,0
DA:505,0
DA:509,0
FN:509,VaultImplementation._clearActiveAdapters
FNDA:0,VaultImplementation._clearActiveAdapters
DA:510,0
DA:512,0
DA:513,0
DA:515,0
DA:516,0
DA:518,0
DA:524,0
FN:524,VaultImplementation._getAllocationBps
FNDA:0,VaultImplementation._getAllocationBps
DA:525,0
DA:526,0
DA:528,0
DA:529,0
DA:530,0
DA:536,0
FN:536,VaultImplementation._revertWithReturnData
FNDA:0,VaultImplementation._revertWithReturnData
DA:537,0
BRDA:537,18,0,-
DA:538,0
DA:542,0
FNF:24
FNH:1
LF:146
LH:1
BRF:21
BRH:0
end_of_record
TN:
SF:contracts/vaults/registry/VaultRegistry.sol
DA:93,17
FN:93,VaultRegistry.constructor
FNDA:17,VaultRegistry.constructor
DA:94,17
BRDA:94,0,0,-
DA:96,17
DA:105,17
FN:105,VaultRegistry.setFactory
FNDA:17,VaultRegistry.setFactory
DA:106,17
BRDA:106,1,0,-
DA:107,17
DA:114,0
FN:114,VaultRegistry.registerVault
FNDA:0,VaultRegistry.registerVault
DA:115,0
BRDA:115,2,0,-
DA:116,0
BRDA:116,3,0,-
DA:117,0
BRDA:117,4,0,-
DA:118,0
BRDA:118,5,0,-
DA:119,0
BRDA:119,6,0,-
DA:120,0
DA:123,0
DA:124,0
DA:125,0
DA:126,0
DA:127,0
DA:129,0
DA:132,0
DA:137,0
FN:137,VaultRegistry.deactivateVault
FNDA:0,VaultRegistry.deactivateVault
DA:138,0
BRDA:138,7,0,-
DA:139,0
BRDA:139,8,0,-
DA:141,0
DA:143,0
DA:148,0
FN:148,VaultRegistry.deactivateOwnVault
FNDA:0,VaultRegistry.deactivateOwnVault
DA:149,0
BRDA:149,9,0,-
DA:150,0
BRDA:150,10,0,-
DA:151,0
BRDA:151,11,0,-
DA:153,0
DA:155,0
DA:161,0
FN:161,VaultRegistry.getVaultDetail
FNDA:0,VaultRegistry.getVaultDetail
DA:162,0
BRDA:162,12,0,-
DA:163,0
DA:170,0
FN:170,VaultRegistry.getVaultByAssetAndGuardian
FNDA:0,VaultRegistry.getVaultByAssetAndGuardian
DA:171,0
DA:177,0
FN:177,VaultRegistry.isActiveVault
FNDA:0,VaultRegistry.isActiveVault
DA:178,0
BRDA:178,13,0,-
DA:179,0
DA:185,0
FN:185,VaultRegistry.getVaultsByAsset
FNDA:0,VaultRegistry.getVaultsByAsset
DA:186,0
DA:192,0
FN:192,VaultRegistry.getVaultsByGuardian
FNDA:0,VaultRegistry.getVaultsByGuardian
DA:193,0
DA:198,0
FN:198,VaultRegistry.getAllVaults
FNDA:0,VaultRegistry.getAllVaults
DA:199,0
DA:204,0
FN:204,VaultRegistry.totalVaults
FNDA:0,VaultRegistry.totalVaults
DA:205,0
DA:211,0
FN:211,VaultRegistry.totalVaultsByAsset
FNDA:0,VaultRegistry.totalVaultsByAsset
DA:212,0
DA:218,0
FN:218,VaultRegistry.totalVaultsByGuardian
FNDA:0,VaultRegistry.totalVaultsByGuardian
DA:219,0
FNF:14
FNH:2
LF:51
LH:6
BRF:14
BRH:0
end_of_record
TN:
SF:script/deploy/DeployAaveV3Adapter.s.sol
DA:9,16
FN:9,DeployAaveV3Adapter.run
FNDA:16,DeployAaveV3Adapter.run
DA:13,16
DA:15,16
DA:16,16
DA:17,16
DA:19,0
BRDA:19,0,0,-
DA:20,0
DA:21,0
DA:24,16
DA:25,16
DA:26,16
DA:28,16
DA:29,0
FNF:1
FNH:1
LF:13
LH:9
BRF:1
BRH:0
end_of_record
TN:
SF:script/deploy/DeployCompoundV3Adapter.s.sol
DA:9,16
FN:9,DeployCompoundV3Adapter.run
FNDA:16,DeployCompoundV3Adapter.run
DA:13,16
DA:15,16
DA:16,16
DA:17,16
DA:19,0
BRDA:19,0,0,-
DA:20,0
DA:21,0
DA:24,16
DA:25,16
DA:26,16
DA:28,16
DA:29,0
FNF:1
FNH:1
LF:13
LH:9
BRF:1
BRH:0
end_of_record
TN:
SF:script/deploy/DeployDaoGovernor.s.sol
DA:14,16
FN:14,DeployDaoGovernor.run
FNDA:16,DeployDaoGovernor.run
DA:18,16
DA:20,16
DA:21,16
DA:22,16
DA:24,16
BRDA:24,0,0,-
DA:25,0
DA:26,0
DA:29,16
DA:30,16
DA:37,16
DA:39,16
DA:40,16
DA:41,0
FNF:1
FNH:1
LF:14
LH:11
BRF:1
BRH:0
end_of_record
TN:
SF:script/deploy/DeployGenesisBonding.s.sol
DA:10,16
FN:10,DeployGenesisBonding.run
FNDA:16,DeployGenesisBonding.run
DA:17,16
DA:19,16
DA:20,16
DA:21,16
DA:23,16
BRDA:23,0,0,-
DA:24,0
DA:25,0
DA:28,16
DA:29,16
DA:37,16
DA:39,16
DA:40,0
FNF:1
FNH:1
LF:13
LH:10
BRF:1
BRH:0
end_of_record
TN:
SF:script/deploy/DeployGovernanceToken.s.sol
DA:9,16
FN:9,DeployGovernanceToken.run
FNDA:16,DeployGovernanceToken.run
DA:10,16
DA:12,16
DA:13,16
DA:15,16
DA:16,16
DA:17,16
DA:19,16
DA:20,0
FNF:1
FNH:1
LF:9
LH:8
BRF:0
BRH:0
end_of_record
TN:
SF:script/deploy/DeployGuardianAdministrator.s.sol
DA:11,16
FN:11,DeployGuardianAdministrator.run
FNDA:16,DeployGuardianAdministrator.run
DA:15,16
DA:17,16
DA:19,16
BRDA:19,0,0,-
DA:20,0
DA:21,0
DA:24,16
DA:25,16
DA:30,16
DA:32,16
DA:33,0
FNF:1
FNH:1
LF:11
LH:8
BRF:1
BRH:0
end_of_record
TN:
SF:script/deploy/DeployGuardianBondEscrow.s.sol
DA:10,16
FN:10,DeployGuardianBondEscrow.run
FNDA:16,DeployGuardianBondEscrow.run
DA:18,16
DA:20,16
DA:21,16
DA:22,16
DA:24,16
BRDA:24,0,0,-
DA:25,0
DA:26,0
DA:29,16
DA:30,16
DA:36,16
DA:38,16
DA:39,0
FNF:1
FNH:1
LF:13
LH:10
BRF:1
BRH:0
end_of_record
TN:
SF:script/deploy/DeployInvestmentDao.s.sol
DA:36,0
FN:36,DeployInvestmentDao.run
FNDA:0,DeployInvestmentDao.run
DA:56,0
DA:57,0
DA:58,0
DA:59,0
DA:62,0
BRDA:62,0,0,-
DA:64,0
DA:65,0
DA:66,0
DA:68,0
DA:69,0
DA:70,0
DA:71,0
DA:72,0
DA:75,0
DA:93,0
DA:96,0
DA:116,0
DA:119,16
FN:119,DeployInvestmentDao.deployContracts
FNDA:16,DeployInvestmentDao.deployContracts
DA:139,16
DA:140,16
DA:141,16
DA:143,16
DA:144,16
DA:146,16
DA:147,16
DA:149,16
DA:150,16
DA:152,16
DA:153,16
DA:159,16
DA:160,16
DA:163,16
DA:164,16
DA:170,16
DA:171,16
DA:173,16
DA:174,16
DA:180,16
DA:181,16
DA:182,16
DA:183,16
DA:184,16
DA:185,16
DA:186,16
DA:187,16
DA:188,16
DA:189,16
DA:190,16
DA:192,16
DA:193,16
DA:204,16
DA:205,16
DA:207,16
DA:208,16
DA:211,16
DA:212,16
DA:214,16
DA:215,16
DA:228,16
DA:229,16
DA:232,16
DA:233,16
DA:236,16
DA:240,16
DA:241,16
DA:242,16
DA:243,16
DA:245,16
DA:246,16
DA:247,16
DA:248,16
DA:249,16
DA:250,16
DA:251,16
DA:252,16
DA:253,16
DA:254,16
DA:255,16
DA:256,16
DA:257,16
DA:258,16
DA:259,16
DA:260,16
DA:261,16
DA:262,16
DA:263,16
DA:264,16
BRDA:264,1,0,16
DA:265,16
DA:266,16
DA:267,16
DA:269,16
DA:271,16
DA:290,16
FN:290,DeployInvestmentDao._configureProtocolDefaults
FNDA:16,DeployInvestmentDao._configureProtocolDefaults
DA:298,16
DA:299,16
DA:301,16
DA:309,16
DA:317,16
DA:320,0
FN:320,DeployInvestmentDao._deriveBootstrapStatus
FNDA:0,DeployInvestmentDao._deriveBootstrapStatus
DA:327,0
DA:330,0
DA:332,0
DA:336,0
FN:336,DeployInvestmentDao.generateDeploymentsJson
FNDA:0,DeployInvestmentDao.generateDeploymentsJson
DA:355,0
DA:357,0
BRDA:357,2,0,-
DA:358,0
DA:361,0
DA:363,0
DA:364,0
DA:365,0
DA:366,0
DA:367,0
DA:368,0
DA:369,0
DA:370,0
DA:371,0
DA:372,0
DA:373,0
DA:374,0
DA:375,0
DA:376,0
DA:377,0
DA:378,0
DA:379,0
DA:380,0
DA:381,0
DA:382,0
DA:383,0
DA:384,0
DA:385,0
DA:386,0
DA:388,0
DA:390,0
DA:393,0
FN:393,DeployInvestmentDao.createContractsSdkStructure
FNDA:0,DeployInvestmentDao.createContractsSdkStructure
DA:394,0
DA:396,0
BRDA:396,3,0,-
DA:397,0
DA:400,0
BRDA:400,4,0,-
DA:401,0
DA:404,0
BRDA:404,5,0,-
DA:405,0
DA:408,0
BRDA:408,6,0,-
DA:409,0
FNF:6
FNH:2
LF:144
LH:81
BRF:7
BRH:1
end_of_record
TN:
SF:script/deploy/DeployMocks.s.sol
DA:12,16
FN:12,DeployMocks.run
FNDA:16,DeployMocks.run
DA:16,16
DA:17,16
DA:19,16
DA:21,16
DA:22,16
DA:23,16
DA:24,16
DA:25,16
DA:26,16
DA:27,16
DA:29,16
DA:30,16
DA:31,16
DA:32,16
DA:33,16
DA:35,16
FNF:1
FNH:1
LF:17
LH:17
BRF:0
BRH:0
end_of_record
TN:
SF:script/deploy/DeployProtocolCore.s.sol
DA:10,16
FN:10,DeployProtocolCore.run
FNDA:16,DeployProtocolCore.run
DA:17,16
DA:19,16
DA:20,16
DA:21,16
DA:22,16
DA:23,16
DA:25,0
BRDA:25,0,0,-
DA:26,0
DA:27,0
DA:30,16
DA:31,16
DA:32,16
DA:36,16
DA:38,16
DA:39,16
FNF:1
FNH:1
LF:16
LH:13
BRF:1
BRH:0
end_of_record
TN:
SF:script/deploy/DeployRiskManager.s.sol
DA:10,16
FN:10,DeployRiskManager.run
FNDA:16,DeployRiskManager.run
DA:11,16
DA:13,16
DA:14,16
DA:16,0
BRDA:16,0,0,-
DA:17,0
DA:18,0
DA:21,16
DA:22,16
DA:23,16
DA:26,16
DA:28,16
DA:29,16
FNF:1
FNH:1
LF:13
LH:10
BRF:1
BRH:0
end_of_record
TN:
SF:script/deploy/DeployStrategyRouter.s.sol
DA:11,16
FN:11,DeployStrategyRouter.run
FNDA:16,DeployStrategyRouter.run
DA:18,16
DA:20,16
DA:21,16
DA:23,16
BRDA:23,0,0,-
DA:24,0
DA:25,0
DA:28,16
DA:29,16
DA:30,16
DA:36,16
DA:38,16
DA:39,16
FNF:1
FNH:1
LF:13
LH:11
BRF:1
BRH:0
end_of_record
TN:
SF:script/deploy/DeployTimeLock.s.sol
DA:9,16
FN:9,DeployTimeLock.run
FNDA:16,DeployTimeLock.run
DA:10,16
DA:12,16
DA:13,16
DA:14,16
DA:16,16
DA:17,16
DA:19,16
DA:20,16
DA:22,16
DA:23,16
DA:24,16
DA:25,16
DA:27,16
DA:28,0
FNF:1
FNH:1
LF:15
LH:14
BRF:0
BRH:0
end_of_record
TN:
SF:script/deploy/DeployTreasury.s.sol
DA:9,16
FN:9,DeployTreasury.run
FNDA:16,DeployTreasury.run
DA:10,16
DA:12,16
DA:13,16
DA:15,0
BRDA:15,0,0,-
DA:16,0
DA:17,0
DA:20,16
DA:21,16
DA:22,16
DA:24,16
DA:25,0
FNF:1
FNH:1
LF:12
LH:8
BRF:1
BRH:0
end_of_record
TN:
SF:script/deploy/DeployVaultFactory.s.sol
DA:9,16
FN:9,DeployVaultFactory.run
FNDA:16,DeployVaultFactory.run
DA:19,16
DA:21,16
DA:22,16
DA:25,16
DA:26,16
DA:27,0
BRDA:27,0,0,-
DA:28,0
DA:29,0
DA:32,16
DA:33,16
DA:41,16
DA:43,16
DA:44,0
FNF:1
FNH:1
LF:14
LH:10
BRF:1
BRH:0
end_of_record
TN:
SF:script/deploy/DeployVaultImplementation.s.sol
DA:9,16
FN:9,DeployVaultImplementation.run
FNDA:16,DeployVaultImplementation.run
DA:10,16
DA:12,16
DA:13,16
DA:15,16
DA:16,16
DA:17,16
DA:19,16
DA:20,0
FNF:1
FNH:1
LF:9
LH:8
BRF:0
BRH:0
end_of_record
TN:
SF:script/deploy/DeployVaultRegistry.s.sol
DA:9,16
FN:9,DeployVaultRegistry.run
FNDA:16,DeployVaultRegistry.run
DA:10,16
DA:12,16
DA:13,16
DA:15,0
BRDA:15,0,0,-
DA:16,0
DA:17,0
DA:20,16
DA:21,16
DA:22,16
DA:24,16
DA:25,0
FNF:1
FNH:1
LF:12
LH:8
BRF:1
BRH:0
end_of_record
TN:
SF:script/deploy/FinalizeInvestmentDaoDeployment.s.sol
DA:36,0
FN:36,FinalizeInvestmentDaoDeployment.run
FNDA:0,FinalizeInvestmentDaoDeployment.run
DA:37,0
DA:38,0
DA:39,0
DA:40,0
DA:41,0
DA:43,0
BRDA:43,0,0,-
BRDA:43,0,1,-
DA:44,0
BRDA:44,1,0,-
BRDA:44,1,1,-
DA:45,0
BRDA:45,2,0,-
BRDA:45,2,1,-
DA:55,0
BRDA:55,3,0,-
BRDA:55,3,1,-
DA:63,0
DA:64,0
DA:68,0
DA:72,0
BRDA:72,4,0,-
DA:73,0
DA:75,0
DA:77,0
DA:78,0
DA:80,0
DA:83,0
FN:83,FinalizeInvestmentDaoDeployment._deploymentPath
FNDA:0,FinalizeInvestmentDaoDeployment._deploymentPath
DA:84,0
DA:87,0
FN:87,FinalizeInvestmentDaoDeployment._loadDeployment
FNDA:0,FinalizeInvestmentDaoDeployment._loadDeployment
DA:88,0
DA:90,0
DA:117,0
FN:117,FinalizeInvestmentDaoDeployment._writeDeployment
FNDA:0,FinalizeInvestmentDaoDeployment._writeDeployment
DA:118,0
DA:119,0
DA:120,0
DA:121,0
DA:122,0
DA:123,0
DA:124,0
DA:125,0
DA:126,0
DA:127,0
DA:128,0
DA:129,0
DA:130,0
DA:131,0
DA:132,0
DA:133,0
DA:134,0
DA:135,0
DA:136,0
DA:137,0
DA:138,0
DA:139,0
DA:140,0
DA:141,0
DA:143,0
FNF:4
FNH:0
LF:50
LH:0
BRF:9
BRH:0
end_of_record
TN:
SF:script/deploy/HelperConfig.s.sol
DA:19,32
FN:19,HelperConfig.constructor
FNDA:32,HelperConfig.constructor
DA:20,32
BRDA:20,0,0,32
BRDA:20,0,1,-
DA:21,32
DA:22,0
BRDA:22,1,0,-
BRDA:22,1,1,-
DA:23,0
DA:25,0
DA:29,0
FN:29,HelperConfig.getSepoliaConfig
FNDA:0,HelperConfig.getSepoliaConfig
DA:30,0
DA:31,0
DA:33,0
DA:44,32
FN:44,HelperConfig.getOrCreateAnvilConfig
FNDA:32,HelperConfig.getOrCreateAnvilConfig
DA:45,32
BRDA:45,2,0,-
DA:48,32
DA:49,32
DA:51,32
DA:61,32
DA:64,0
FN:64,HelperConfig.getEnvNetworkConfig
FNDA:0,HelperConfig.getEnvNetworkConfig
DA:65,0
DA:66,0
DA:68,0
DA:79,272
FN:79,HelperConfig.getActiveNetworkConfig
FNDA:272,HelperConfig.getActiveNetworkConfig
DA:80,272
FNF:5
FNH:3
LF:22
LH:11
BRF:5
BRH:1
end_of_record
TN:
SF:script/deploy/InvestmentDaoDeploymentBase.s.sol
DA:14,16
FN:14,InvestmentDaoDeploymentBase._bondEscrowData
FNDA:16,InvestmentDaoDeploymentBase._bondEscrowData
DA:15,16
DA:18,16
FN:18,InvestmentDaoDeploymentBase._vaultFactoryData
FNDA:16,InvestmentDaoDeploymentBase._vaultFactoryData
DA:19,16
DA:22,45
FN:22,InvestmentDaoDeploymentBase._operationId
FNDA:45,InvestmentDaoDeploymentBase._operationId
DA:27,45
DA:30,32
FN:30,InvestmentDaoDeploymentBase._scheduleAndMaybeExecute
FNDA:32,InvestmentDaoDeploymentBase._scheduleAndMaybeExecute
DA:37,32
DA:38,32
DA:39,32
DA:41,32
BRDA:41,0,0,-
DA:42,0
DA:43,0
DA:47,36
FN:47,InvestmentDaoDeploymentBase._scheduleAndMaybeExecuteFromCurrentSender
FNDA:36,InvestmentDaoDeploymentBase._scheduleAndMaybeExecuteFromCurrentSender
DA:53,36
DA:54,36
DA:55,36
DA:57,36
BRDA:57,1,0,36
DA:58,36
DA:61,36
BRDA:61,2,0,35
DA:62,35
DA:63,35
DA:67,9
FN:67,InvestmentDaoDeploymentBase._executeReadyOperationFromCurrentSender
FNDA:9,InvestmentDaoDeploymentBase._executeReadyOperationFromCurrentSender
DA:71,9
DA:73,9
BRDA:73,3,0,7
DA:74,7
DA:77,2
BRDA:77,4,0,2
BRDA:77,4,1,-
DA:79,1
DA:80,1
DA:83,16
FN:83,InvestmentDaoDeploymentBase._grantGovernorTimelockRolesFromCurrentSender
FNDA:16,InvestmentDaoDeploymentBase._grantGovernorTimelockRolesFromCurrentSender
DA:84,16
BRDA:84,5,0,16
DA:85,16
DA:87,16
BRDA:87,6,0,16
DA:88,16
DA:90,16
BRDA:90,7,0,16
DA:91,16
DA:95,0
FN:95,InvestmentDaoDeploymentBase._cleanupDeployerTimelockRolesFromCurrentSender
FNDA:0,InvestmentDaoDeploymentBase._cleanupDeployerTimelockRolesFromCurrentSender
DA:96,0
BRDA:96,8,0,-
DA:97,0
DA:99,0
BRDA:99,9,0,-
DA:100,0
DA:102,0
BRDA:102,10,0,-
DA:103,0
DA:105,0
BRDA:105,11,0,-
DA:106,0
FNF:8
FNH:7
LF:45
LH:34
BRF:13
BRH:7
end_of_record
TN:
SF:script/local/SeedLocal.s.sol
DA:149,0
FN:149,SeedLocal.run
FNDA:0,SeedLocal.run
DA:150,0
BRDA:150,0,0,-
BRDA:150,0,1,-
DA:153,0
DA:154,0
DA:155,0
DA:156,0
DA:158,0
DA:159,0
DA:160,0
DA:163,0
DA:164,0
DA:179,0
DA:182,0
DA:183,0
DA:184,0
DA:185,0
DA:188,0
DA:189,0
DA:190,0
DA:191,0
DA:194,0
DA:195,0
DA:198,0
DA:199,0
DA:200,0
DA:203,0
DA:204,0
DA:205,0
DA:210,0
FN:210,SeedLocal._loadContracts
FNDA:0,SeedLocal._loadContracts
DA:212,0
DA:214,0
DA:240,0
FN:240,SeedLocal._buildParticipants
FNDA:0,SeedLocal._buildParticipants
DA:247,0
DA:248,0
DA:249,0
DA:253,0
DA:254,0
DA:256,0
DA:257,0
DA:258,0
DA:259,0
DA:260,0
DA:261,0
DA:262,0
DA:264,0
DA:265,0
DA:266,0
DA:269,0
FN:269,SeedLocal._participantFromPrivateKey
FNDA:0,SeedLocal._participantFromPrivateKey
DA:274,0
DA:279,0
FN:279,SeedLocal._fundParticipants
FNDA:0,SeedLocal._fundParticipants
DA:280,0
DA:281,0
DA:282,0
DA:283,0
DA:284,0
DA:286,0
DA:287,0
DA:288,0
DA:289,0
DA:290,0
DA:291,0
DA:292,0
DA:294,0
DA:295,0
DA:296,0
DA:300,0
FN:300,SeedLocal._loadOrDeploySecondaryToken
FNDA:0,SeedLocal._loadOrDeploySecondaryToken
DA:301,0
BRDA:301,1,0,-
DA:302,0
DA:303,0
DA:305,0
BRDA:305,2,0,-
DA:306,0
DA:310,0
DA:311,0
DA:312,0
DA:315,0
FN:315,SeedLocal._loadOrDeployUsdcToken
FNDA:0,SeedLocal._loadOrDeployUsdcToken
DA:316,0
BRDA:316,3,0,-
DA:317,0
DA:318,0
BRDA:318,4,0,-
DA:319,0
DA:321,0
BRDA:321,5,0,-
DA:322,0
DA:327,0
DA:328,0
DA:329,0
DA:332,0
FN:332,SeedLocal._stringContains
FNDA:0,SeedLocal._stringContains
DA:333,0
DA:334,0
DA:336,0
BRDA:336,6,0,-
DA:337,0
DA:340,0
DA:341,0
DA:342,0
DA:343,0
BRDA:343,7,0,-
DA:344,0
DA:345,0
DA:349,0
BRDA:349,8,0,-
DA:350,0
DA:354,0
DA:357,0
FN:357,SeedLocal._configureAdditionalAssets
FNDA:0,SeedLocal._configureAdditionalAssets
DA:365,0
DA:366,0
DA:367,0
DA:368,0
DA:370,0
DA:371,0
DA:372,0
BRDA:372,9,0,-
DA:373,0
DA:376,0
DA:377,0
DA:378,0
DA:379,0
DA:389,0
DA:393,0
DA:400,0
FN:400,SeedLocal._mintSeedAssets
FNDA:0,SeedLocal._mintSeedAssets
DA:407,0
DA:408,0
DA:409,0
DA:411,0
DA:417,0
DA:418,0
DA:425,0
DA:430,0
FN:430,SeedLocal._activateGuardians
FNDA:0,SeedLocal._activateGuardians
DA:435,0
DA:443,0
DA:451,0
DA:461,0
FN:461,SeedLocal._activateGuardian
FNDA:0,SeedLocal._activateGuardian
DA:469,0
DA:471,0
BRDA:471,10,0,-
DA:472,0
DA:475,0
BRDA:475,11,0,-
DA:478,0
DA:480,0
BRDA:480,12,0,-
DA:481,0
DA:482,0
DA:485,0
DA:491,0
DA:493,0
DA:494,0
DA:495,0
DA:496,0
DA:499,0
DA:501,0
DA:504,0
FN:504,SeedLocal._approveGuardianViaTimelock
FNDA:0,SeedLocal._approveGuardianViaTimelock
DA:510,0
DA:511,0
DA:512,0
DA:514,0
DA:515,0
DA:517,0
DA:518,0
DA:523,0
FN:523,SeedLocal._createVaults
FNDA:0,SeedLocal._createVaults
DA:533,0
DA:542,0
DA:551,0
DA:561,0
DA:564,0
DA:567,0
DA:572,0
FN:572,SeedLocal._createVault
FNDA:0,SeedLocal._createVault
DA:581,0
DA:582,0
BRDA:582,13,0,-
DA:583,0
DA:586,0
DA:587,0
DA:588,0
DA:593,0
FN:593,SeedLocal._seedEconomicActivity
FNDA:0,SeedLocal._seedEconomicActivity
DA:600,0
DA:603,0
DA:607,0
DA:610,0
DA:613,0
DA:620,0
FN:620,SeedLocal._mintAndDelegateGovernanceActors
FNDA:0,SeedLocal._mintAndDelegateGovernanceActors
DA:626,0
DA:627,0
DA:628,0
DA:629,0
DA:630,0
DA:631,0
DA:632,0
DA:633,0
DA:634,0
DA:635,0
DA:636,0
DA:637,0
DA:639,0
DA:640,0
DA:641,0
DA:642,0
DA:643,0
DA:644,0
DA:645,0
DA:646,0
DA:647,0
DA:648,0
DA:650,0
DA:654,0
FN:654,SeedLocal._delegateVotes
FNDA:0,SeedLocal._delegateVotes
DA:655,0
DA:656,0
DA:657,0
DA:663,0
FN:663,SeedLocal._seedProposalStates
FNDA:0,SeedLocal._seedProposalStates
DA:669,0
DA:672,0
DA:679,0
DA:681,0
DA:688,0
DA:689,0
DA:691,0
DA:698,0
DA:699,0
DA:700,0
DA:701,0
DA:703,0
DA:710,0
DA:711,0
DA:712,0
DA:713,0
DA:714,0
DA:716,0
DA:723,0
DA:724,0
DA:725,0
DA:726,0
DA:727,0
DA:728,0
DA:730,0
DA:737,0
DA:738,0
DA:740,0
DA:750,0
FN:750,SeedLocal._createProposal
FNDA:0,SeedLocal._createProposal
DA:757,0
DA:758,0
DA:759,0
DA:760,0
DA:761,0
DA:763,0
DA:764,0
DA:765,0
DA:767,0
DA:768,0
DA:769,0
DA:773,0
FN:773,SeedLocal._cancelProposal
FNDA:0,SeedLocal._cancelProposal
DA:774,0
DA:775,0
DA:776,0
DA:780,0
FN:780,SeedLocal._queueProposal
FNDA:0,SeedLocal._queueProposal
DA:781,0
DA:782,0
DA:783,0
DA:787,0
FN:787,SeedLocal._executeProposal
FNDA:0,SeedLocal._executeProposal
DA:788,0
DA:789,0
DA:790,0
DA:794,0
FN:794,SeedLocal._vote
FNDA:0,SeedLocal._vote
DA:801,0
DA:802,0
DA:803,0
DA:807,0
FN:807,SeedLocal._advanceToActive
FNDA:0,SeedLocal._advanceToActive
DA:809,0
DA:810,0
BRDA:810,14,0,-
DA:811,0
DA:817,0
FN:817,SeedLocal._advancePastDeadline
FNDA:0,SeedLocal._advancePastDeadline
DA:818,0
DA:819,0
BRDA:819,15,0,-
DA:820,0
DA:825,0
FN:825,SeedLocal._advanceBlocks
FNDA:0,SeedLocal._advanceBlocks
DA:826,0
BRDA:826,16,0,-
DA:827,0
DA:832,0
DA:834,0
DA:835,0
DA:836,0
DA:837,0
DA:838,0
BRDA:838,17,0,-
BRDA:838,17,1,-
DA:841,0
DA:842,0
DA:847,0
FN:847,SeedLocal._grantGovernorTimelockRoles
FNDA:0,SeedLocal._grantGovernorTimelockRoles
DA:851,0
DA:853,0
BRDA:853,18,0,-
DA:854,0
DA:856,0
BRDA:856,19,0,-
DA:857,0
DA:859,0
BRDA:859,20,0,-
DA:860,0
DA:863,0
DA:868,0
FN:868,SeedLocal._grantAdminWalletFullAccess
FNDA:0,SeedLocal._grantAdminWalletFullAccess
DA:884,0
DA:887,0
DA:888,0
DA:889,0
DA:891,0
DA:899,0
DA:903,0
DA:906,0
DA:915,0
DA:918,0
DA:921,0
DA:925,0
DA:928,0
DA:931,0
DA:935,0
DA:943,0
DA:952,0
DA:955,0
DA:959,0
DA:967,0
DA:976,0
DA:984,0
DA:988,0
DA:992,0
DA:996,0
FN:996,SeedLocal._grantVaultRolesToAdmin
FNDA:0,SeedLocal._grantVaultRolesToAdmin
DA:999,0
DA:1002,0
DA:1003,0
DA:1011,0
FN:1011,SeedLocal._grantRoleViaTimelock
FNDA:0,SeedLocal._grantRoleViaTimelock
DA:1020,0
BRDA:1020,21,0,-
DA:1021,0
DA:1024,0
DA:1025,0
DA:1035,0
FN:1035,SeedLocal._scheduleAndExecuteTimelockCall
FNDA:0,SeedLocal._scheduleAndExecuteTimelockCall
DA:1043,0
DA:1044,0
DA:1046,0
DA:1047,0
DA:1048,0
DA:1049,0
DA:1053,0
FN:1053,SeedLocal._hasRole
FNDA:0,SeedLocal._hasRole
DA:1054,0
DA:1055,0
DA:1057,0
BRDA:1057,22,0,-
DA:1058,0
DA:1061,0
DA:1065,0
FN:1065,SeedLocal._checkAdminWalletCoverage
FNDA:0,SeedLocal._checkAdminWalletCoverage
DA:1069,0
BRDA:1069,23,0,-
BRDA:1069,23,1,-
DA:1070,0
BRDA:1070,24,0,-
BRDA:1070,24,1,-
DA:1071,0
BRDA:1071,25,0,-
BRDA:1071,25,1,-
DA:1072,0
BRDA:1072,26,0,-
BRDA:1072,26,1,-
DA:1073,0
BRDA:1073,27,0,-
BRDA:1073,27,1,-
DA:1080,0
FN:1080,SeedLocal._fundAccount
FNDA:0,SeedLocal._fundAccount
DA:1081,0
DA:1082,0
DA:1083,0
DA:1084,0
BRDA:1084,28,0,-
BRDA:1084,28,1,-
DA:1088,0
FN:1088,SeedLocal._mintToken
FNDA:0,SeedLocal._mintToken
DA:1089,0
DA:1090,0
DA:1091,0
DA:1095,0
FN:1095,SeedLocal._buyGovernanceForInvestor
FNDA:0,SeedLocal._buyGovernanceForInvestor
DA:1101,0
DA:1102,0
DA:1103,0
DA:1104,0
DA:1108,0
FN:1108,SeedLocal._depositToVault
FNDA:0,SeedLocal._depositToVault
DA:1109,0
DA:1110,0
DA:1111,0
DA:1112,0
DA:1115,0
FN:1115,SeedLocal._validateSeed
FNDA:0,SeedLocal._validateSeed
DA:1124,0
DA:1125,0
DA:1126,0
DA:1127,0
DA:1129,0
BRDA:1129,29,0,-
BRDA:1129,29,1,-
DA:1130,0
BRDA:1130,30,0,-
BRDA:1130,30,1,-
DA:1131,0
BRDA:1131,31,0,-
BRDA:1131,31,1,-
DA:1132,0
BRDA:1132,32,0,-
BRDA:1132,32,1,-
DA:1133,0
BRDA:1133,33,0,-
BRDA:1133,33,1,-
DA:1135,0
BRDA:1135,34,0,-
BRDA:1135,34,1,-
DA:1136,0
BRDA:1136,35,0,-
BRDA:1136,35,1,-
DA:1137,0
BRDA:1137,36,0,-
BRDA:1137,36,1,-
DA:1139,0
BRDA:1139,37,0,-
BRDA:1139,37,1,-
DA:1140,0
BRDA:1140,38,0,-
BRDA:1140,38,1,-
DA:1141,0
BRDA:1141,39,0,-
BRDA:1141,39,1,-
DA:1146,0
BRDA:1146,40,0,-
BRDA:1146,40,1,-
DA:1147,0
BRDA:1147,41,0,-
BRDA:1147,41,1,-
DA:1148,0
BRDA:1148,42,0,-
BRDA:1148,42,1,-
DA:1150,0
BRDA:1150,43,0,-
BRDA:1150,43,1,-
DA:1156,0
BRDA:1156,44,0,-
BRDA:1156,44,1,-
DA:1159,0
BRDA:1159,45,0,-
BRDA:1159,45,1,-
DA:1162,0
BRDA:1162,46,0,-
BRDA:1162,46,1,-
DA:1166,0
BRDA:1166,47,0,-
BRDA:1166,47,1,-
DA:1170,0
BRDA:1170,48,0,-
BRDA:1170,48,1,-
DA:1174,0
BRDA:1174,49,0,-
BRDA:1174,49,1,-
DA:1177,0
BRDA:1177,50,0,-
BRDA:1177,50,1,-
DA:1182,0
BRDA:1182,51,0,-
BRDA:1182,51,1,-
DA:1189,0
FN:1189,SeedLocal._logSeed
FNDA:0,SeedLocal._logSeed
DA:1197,0
DA:1199,0
DA:1200,0
DA:1201,0
DA:1202,0
DA:1203,0
DA:1204,0
DA:1205,0
DA:1206,0
DA:1207,0
DA:1208,0
DA:1209,0
DA:1210,0
DA:1211,0
DA:1212,0
DA:1213,0
DA:1214,0
DA:1215,0
DA:1216,0
DA:1217,0
DA:1218,0
DA:1219,0
DA:1220,0
DA:1221,0
DA:1222,0
DA:1223,0
DA:1224,0
DA:1225,0
DA:1226,0
DA:1227,0
DA:1228,0
DA:1229,0
DA:1235,0
FN:1235,SeedLocal._writeSeedJson
FNDA:0,SeedLocal._writeSeedJson
DA:1243,0
BRDA:1243,52,0,-
DA:1244,0
DA:1247,0
DA:1248,0
DA:1249,0
DA:1250,0
DA:1252,0
DA:1253,0
DA:1254,0
DA:1255,0
DA:1256,0
DA:1257,0
DA:1259,0
DA:1260,0
DA:1261,0
DA:1262,0
DA:1263,0
DA:1265,0
DA:1301,0
DA:1306,0
FN:1306,SeedLocal._guardiansJson
FNDA:0,SeedLocal._guardiansJson
DA:1307,0
DA:1324,0
FN:1324,SeedLocal._vaultsByGuardianJson
FNDA:0,SeedLocal._vaultsByGuardianJson
DA:1329,0
DA:1346,0
FN:1346,SeedLocal._proposalIdsByStateJson
FNDA:0,SeedLocal._proposalIdsByStateJson
DA:1347,0
DA:1376,0
FN:1376,SeedLocal._guardianApplicationProposalIdsJson
FNDA:0,SeedLocal._guardianApplicationProposalIdsJson
DA:1381,0
DA:1399,0
FN:1399,SeedLocal._addressArrayToJson
FNDA:0,SeedLocal._addressArrayToJson
DA:1400,0
DA:1402,0
DA:1403,0
BRDA:1403,53,0,-
DA:1404,0
DA:1406,0
DA:1409,0
FNF:46
FNH:0
LF:451
LH:0
BRF:85
BRH:0
end_of_record
TN:
SF:test/helpers/DeployInvestmentDaoHarness.sol
DA:11,16
FN:11,DeployInvestmentDaoHarness.deployForTest
FNDA:16,DeployInvestmentDaoHarness.deployForTest
DA:31,16
DA:32,16
DA:34,16
DA:35,16
DA:36,16
DA:38,16
DA:39,16
DA:40,16
DA:41,16
DA:42,16
DA:44,16
FNF:1
FNH:1
LF:12
LH:12
BRF:0
BRH:0
end_of_record
TN:
SF:test/helpers/InvestmentDaoBootstrapHarness.sol
DA:8,4
FN:8,InvestmentDaoBootstrapHarness.scheduleFromCurrentSender
FNDA:4,InvestmentDaoBootstrapHarness.scheduleFromCurrentSender
DA:12,4
DA:15,9
FN:15,InvestmentDaoBootstrapHarness.executeReadyFromCurrentSender
FNDA:9,InvestmentDaoBootstrapHarness.executeReadyFromCurrentSender
DA:19,9
DA:22,4
FN:22,InvestmentDaoBootstrapHarness.vaultFactorySalt
FNDA:4,InvestmentDaoBootstrapHarness.vaultFactorySalt
DA:23,4
FNF:3
FNH:3
LF:6
LH:6
BRF:0
BRH:0
end_of_record
TN:
SF:test/integration/StrategyLifecycleTest.t.sol
DA:46,0
FN:46,StrategyLifecycleTest.setUp
FNDA:0,StrategyLifecycleTest.setUp
DA:47,0
DA:48,0
DA:50,0
DA:52,0
DA:70,0
DA:71,0
DA:72,0
DA:73,0
DA:75,0
DA:77,0
DA:78,0
FNF:1
FNH:0
LF:12
LH:0
BRF:0
BRH:0
end_of_record
TN:
SF:test/mocks/MockAavePool.sol
DA:13,0
FN:13,MockAavePool.supply
FNDA:0,MockAavePool.supply
DA:21,0
BRDA:21,0,0,-
BRDA:21,0,1,-
DA:23,0
DA:25,0
DA:27,0
DA:30,0
FN:30,MockAavePool.withdraw
FNDA:0,MockAavePool.withdraw
DA:31,0
DA:32,0
BRDA:32,1,0,-
BRDA:32,1,1,-
DA:34,0
DA:36,0
DA:38,0
DA:40,0
DA:43,0
FN:43,MockAavePool.getUserAccountData
FNDA:0,MockAavePool.getUserAccountData
DA:58,0
FNF:3
FNH:0
LF:14
LH:0
BRF:4
BRH:0
end_of_record
TN:
SF:test/mocks/MockCompoundComet.sol
DA:16,0
FN:16,MockCompoundComet.supply
FNDA:0,MockCompoundComet.supply
DA:17,0
BRDA:17,0,0,-
BRDA:17,0,1,-
DA:19,0
DA:20,0
DA:22,0
DA:25,0
FN:25,MockCompoundComet.withdrawTo
FNDA:0,MockCompoundComet.withdrawTo
DA:26,0
BRDA:26,1,0,-
BRDA:26,1,1,-
DA:28,0
DA:29,0
BRDA:29,2,0,-
BRDA:29,2,1,-
DA:31,0
DA:32,0
DA:34,0
DA:37,0
FN:37,MockCompoundComet.balanceOf
FNDA:0,MockCompoundComet.balanceOf
DA:44,0
FNF:3
FNH:0
LF:14
LH:0
BRF:6
BRH:0
end_of_record
TN:
SF:test/mocks/MockERC20.sol
DA:9,32
FN:9,MockERC20.constructor
FNDA:32,MockERC20.constructor
DA:10,32
DA:13,16
FN:13,MockERC20.decimals
FNDA:16,MockERC20.decimals
DA:14,16
DA:17,0
FN:17,MockERC20.mint
FNDA:0,MockERC20.mint
DA:18,0
FNF:3
FNH:2
LF:6
LH:4
BRF:0
BRH:0
end_of_record
TN:
SF:test/mocks/MockV3AggregatorLocal.sol
DA:13,16
FN:13,MockV3AggregatorLocal.constructor
FNDA:16,MockV3AggregatorLocal.constructor
DA:14,16
DA:15,16
DA:16,16
DA:19,0
FN:19,MockV3AggregatorLocal.latestAnswer
FNDA:0,MockV3AggregatorLocal.latestAnswer
DA:20,0
DA:23,0
FN:23,MockV3AggregatorLocal.latestTimestamp
FNDA:0,MockV3AggregatorLocal.latestTimestamp
DA:24,0
DA:27,0
FN:27,MockV3AggregatorLocal.latestRound
FNDA:0,MockV3AggregatorLocal.latestRound
DA:28,0
DA:31,0
FN:31,MockV3AggregatorLocal.getAnswer
FNDA:0,MockV3AggregatorLocal.getAnswer
DA:32,0
DA:35,0
FN:35,MockV3AggregatorLocal.getTimestamp
FNDA:0,MockV3AggregatorLocal.getTimestamp
DA:36,0
DA:39,0
FN:39,MockV3AggregatorLocal.decimals
FNDA:0,MockV3AggregatorLocal.decimals
DA:40,0
DA:43,0
FN:43,MockV3AggregatorLocal.description
FNDA:0,MockV3AggregatorLocal.description
DA:44,0
DA:47,0
FN:47,MockV3AggregatorLocal.version
FNDA:0,MockV3AggregatorLocal.version
DA:48,0
DA:51,0
FN:51,MockV3AggregatorLocal.getRoundData
FNDA:0,MockV3AggregatorLocal.getRoundData
DA:57,0
DA:58,0
DA:59,0
DA:60,0
DA:61,0
DA:64,0
FN:64,MockV3AggregatorLocal.latestRoundData
FNDA:0,MockV3AggregatorLocal.latestRoundData
DA:70,0
DA:71,0
DA:72,0
DA:73,0
DA:74,0
DA:77,0
FN:77,MockV3AggregatorLocal.setAnswer
FNDA:0,MockV3AggregatorLocal.setAnswer
DA:78,0
DA:79,0
DA:82,0
FN:82,MockV3AggregatorLocal.setDecimals
FNDA:0,MockV3AggregatorLocal.setDecimals
DA:83,0
FNF:13
FNH:1
LF:37
LH:4
BRF:0
BRH:0
end_of_record
